2024-10-30 21:28:55.706 | INFO     | __main__:<module>:89 - args: Namespace(config='/home/yxueat/course@ust/elce6910c/hw2/Multi-View-Image-Classification/config/main.yml')
2024-10-30 21:28:55.708 | INFO     | __main__:<module>:95 - config:
{
    "base": {
        "seed": 42,
        "root_path": "/home/yxueat/course@ust/elce6910c/hw2/Multi-View-Image-Classification",
        "cuda_visible_devices": 5,
        "mode": "train_quant"
    },
    "model": {
        "name": "FourViewClassifier4MNIST"
    },
    "train": {
        "ckpt": "save/ckpt/model_params.pth",
        "qbit": 8,
        "epochs": 100,
        "lr": 0.001,
        "log_interval": 10
    },
    "eval": {
        "ckpt": "save/ckpt/model_params.pth",
        "qbit": 1
    },
    "dataset": {
        "dir": "dataset/mnist",
        "batch_size": 2048,
        "shuffle": true,
        "download": true
    },
    "quant": {
        "bit": 8
    }
}
2024-10-30 21:28:55.757 | INFO     | __main__:main:22 - device: cuda
2024-10-30 21:28:57.407 | INFO     | __main__:main:47 - Init the quantizer: fake_input forward ...
2024-10-30 21:28:58.509 | INFO     | src.util.trainer:train:8 - -- start training --
2024-10-30 21:28:58.699 | INFO     | src.util.trainer:train:24 - Train Epoch: 0 [0/60000 (0%)]	Loss: 2.306408
2024-10-30 21:29:00.287 | INFO     | src.util.trainer:train:24 - Train Epoch: 0 [20480/60000 (33%)]	Loss: 2.268548
2024-10-30 21:29:01.951 | INFO     | src.util.trainer:train:24 - Train Epoch: 0 [40960/60000 (67%)]	Loss: 2.159176
2024-10-30 21:29:03.282 | INFO     | src.util.trainer:train:28 - ====> Epoch: 0 Average loss: 2.1913
2024-10-30 21:29:03.521 | INFO     | src.util.trainer:train:24 - Train Epoch: 1 [0/60000 (0%)]	Loss: 1.890536
2024-10-30 21:29:05.091 | INFO     | src.util.trainer:train:24 - Train Epoch: 1 [20480/60000 (33%)]	Loss: 1.434291
2024-10-30 21:29:06.670 | INFO     | src.util.trainer:train:24 - Train Epoch: 1 [40960/60000 (67%)]	Loss: 1.034183
2024-10-30 21:29:08.145 | INFO     | src.util.trainer:train:28 - ====> Epoch: 1 Average loss: 1.2763
2024-10-30 21:29:08.325 | INFO     | src.util.trainer:train:24 - Train Epoch: 2 [0/60000 (0%)]	Loss: 0.801503
2024-10-30 21:29:09.966 | INFO     | src.util.trainer:train:24 - Train Epoch: 2 [20480/60000 (33%)]	Loss: 0.646505
2024-10-30 21:29:11.570 | INFO     | src.util.trainer:train:24 - Train Epoch: 2 [40960/60000 (67%)]	Loss: 0.520556
2024-10-30 21:29:13.006 | INFO     | src.util.trainer:train:28 - ====> Epoch: 2 Average loss: 0.5812
2024-10-30 21:29:13.173 | INFO     | src.util.trainer:train:24 - Train Epoch: 3 [0/60000 (0%)]	Loss: 0.443181
2024-10-30 21:29:14.797 | INFO     | src.util.trainer:train:24 - Train Epoch: 3 [20480/60000 (33%)]	Loss: 0.392181
2024-10-30 21:29:16.380 | INFO     | src.util.trainer:train:24 - Train Epoch: 3 [40960/60000 (67%)]	Loss: 0.379432
2024-10-30 21:29:17.749 | INFO     | src.util.trainer:train:28 - ====> Epoch: 3 Average loss: 0.3766
2024-10-30 21:29:17.962 | INFO     | src.util.trainer:train:24 - Train Epoch: 4 [0/60000 (0%)]	Loss: 0.299819
2024-10-30 21:29:19.829 | INFO     | src.util.trainer:train:24 - Train Epoch: 4 [20480/60000 (33%)]	Loss: 0.280037
2024-10-30 21:29:21.454 | INFO     | src.util.trainer:train:24 - Train Epoch: 4 [40960/60000 (67%)]	Loss: 0.264554
2024-10-30 21:29:22.815 | INFO     | src.util.trainer:train:28 - ====> Epoch: 4 Average loss: 0.2879
2024-10-30 21:29:23.049 | INFO     | src.util.trainer:train:24 - Train Epoch: 5 [0/60000 (0%)]	Loss: 0.252990
2024-10-30 21:29:24.673 | INFO     | src.util.trainer:train:24 - Train Epoch: 5 [20480/60000 (33%)]	Loss: 0.237397
2024-10-30 21:29:26.369 | INFO     | src.util.trainer:train:24 - Train Epoch: 5 [40960/60000 (67%)]	Loss: 0.228478
2024-10-30 21:29:27.713 | INFO     | src.util.trainer:train:28 - ====> Epoch: 5 Average loss: 0.2364
2024-10-30 21:29:27.881 | INFO     | src.util.trainer:train:24 - Train Epoch: 6 [0/60000 (0%)]	Loss: 0.232306
2024-10-30 21:29:29.508 | INFO     | src.util.trainer:train:24 - Train Epoch: 6 [20480/60000 (33%)]	Loss: 0.205694
2024-10-30 21:29:31.094 | INFO     | src.util.trainer:train:24 - Train Epoch: 6 [40960/60000 (67%)]	Loss: 0.196669
2024-10-30 21:29:32.575 | INFO     | src.util.trainer:train:28 - ====> Epoch: 6 Average loss: 0.1992
2024-10-30 21:29:32.750 | INFO     | src.util.trainer:train:24 - Train Epoch: 7 [0/60000 (0%)]	Loss: 0.190385
2024-10-30 21:29:34.431 | INFO     | src.util.trainer:train:24 - Train Epoch: 7 [20480/60000 (33%)]	Loss: 0.173264
2024-10-30 21:29:36.013 | INFO     | src.util.trainer:train:24 - Train Epoch: 7 [40960/60000 (67%)]	Loss: 0.171533
2024-10-30 21:29:37.383 | INFO     | src.util.trainer:train:28 - ====> Epoch: 7 Average loss: 0.1735
2024-10-30 21:29:37.558 | INFO     | src.util.trainer:train:24 - Train Epoch: 8 [0/60000 (0%)]	Loss: 0.166318
2024-10-30 21:29:39.298 | INFO     | src.util.trainer:train:24 - Train Epoch: 8 [20480/60000 (33%)]	Loss: 0.143738
2024-10-30 21:29:40.885 | INFO     | src.util.trainer:train:24 - Train Epoch: 8 [40960/60000 (67%)]	Loss: 0.170748
2024-10-30 21:29:42.212 | INFO     | src.util.trainer:train:28 - ====> Epoch: 8 Average loss: 0.1559
2024-10-30 21:29:42.381 | INFO     | src.util.trainer:train:24 - Train Epoch: 9 [0/60000 (0%)]	Loss: 0.156403
2024-10-30 21:29:43.981 | INFO     | src.util.trainer:train:24 - Train Epoch: 9 [20480/60000 (33%)]	Loss: 0.146432
2024-10-30 21:29:45.661 | INFO     | src.util.trainer:train:24 - Train Epoch: 9 [40960/60000 (67%)]	Loss: 0.123632
2024-10-30 21:29:47.022 | INFO     | src.util.trainer:train:28 - ====> Epoch: 9 Average loss: 0.1394
2024-10-30 21:29:47.191 | INFO     | src.util.trainer:train:24 - Train Epoch: 10 [0/60000 (0%)]	Loss: 0.139075
2024-10-30 21:29:48.883 | INFO     | src.util.trainer:train:24 - Train Epoch: 10 [20480/60000 (33%)]	Loss: 0.120333
2024-10-30 21:29:50.503 | INFO     | src.util.trainer:train:24 - Train Epoch: 10 [40960/60000 (67%)]	Loss: 0.124914
2024-10-30 21:29:51.950 | INFO     | src.util.trainer:train:28 - ====> Epoch: 10 Average loss: 0.1290
2024-10-30 21:29:52.116 | INFO     | src.util.trainer:train:24 - Train Epoch: 11 [0/60000 (0%)]	Loss: 0.106955
2024-10-30 21:29:53.818 | INFO     | src.util.trainer:train:24 - Train Epoch: 11 [20480/60000 (33%)]	Loss: 0.118739
2024-10-30 21:29:55.504 | INFO     | src.util.trainer:train:24 - Train Epoch: 11 [40960/60000 (67%)]	Loss: 0.132257
2024-10-30 21:29:56.908 | INFO     | src.util.trainer:train:28 - ====> Epoch: 11 Average loss: 0.1178
2024-10-30 21:29:57.072 | INFO     | src.util.trainer:train:24 - Train Epoch: 12 [0/60000 (0%)]	Loss: 0.124071
2024-10-30 21:29:58.754 | INFO     | src.util.trainer:train:24 - Train Epoch: 12 [20480/60000 (33%)]	Loss: 0.102529
2024-10-30 21:30:00.388 | INFO     | src.util.trainer:train:24 - Train Epoch: 12 [40960/60000 (67%)]	Loss: 0.101785
2024-10-30 21:30:01.720 | INFO     | src.util.trainer:train:28 - ====> Epoch: 12 Average loss: 0.1081
2024-10-30 21:30:01.891 | INFO     | src.util.trainer:train:24 - Train Epoch: 13 [0/60000 (0%)]	Loss: 0.093276
2024-10-30 21:30:03.495 | INFO     | src.util.trainer:train:24 - Train Epoch: 13 [20480/60000 (33%)]	Loss: 0.092921
2024-10-30 21:30:05.169 | INFO     | src.util.trainer:train:24 - Train Epoch: 13 [40960/60000 (67%)]	Loss: 0.106286
2024-10-30 21:30:06.504 | INFO     | src.util.trainer:train:28 - ====> Epoch: 13 Average loss: 0.1015
2024-10-30 21:30:06.669 | INFO     | src.util.trainer:train:24 - Train Epoch: 14 [0/60000 (0%)]	Loss: 0.088748
2024-10-30 21:30:08.276 | INFO     | src.util.trainer:train:24 - Train Epoch: 14 [20480/60000 (33%)]	Loss: 0.087456
2024-10-30 21:30:09.882 | INFO     | src.util.trainer:train:24 - Train Epoch: 14 [40960/60000 (67%)]	Loss: 0.089529
2024-10-30 21:30:11.290 | INFO     | src.util.trainer:train:28 - ====> Epoch: 14 Average loss: 0.0955
2024-10-30 21:30:11.452 | INFO     | src.util.trainer:train:24 - Train Epoch: 15 [0/60000 (0%)]	Loss: 0.087664
2024-10-30 21:30:13.066 | INFO     | src.util.trainer:train:24 - Train Epoch: 15 [20480/60000 (33%)]	Loss: 0.102357
2024-10-30 21:30:14.673 | INFO     | src.util.trainer:train:24 - Train Epoch: 15 [40960/60000 (67%)]	Loss: 0.092532
2024-10-30 21:30:16.003 | INFO     | src.util.trainer:train:28 - ====> Epoch: 15 Average loss: 0.0899
2024-10-30 21:30:16.166 | INFO     | src.util.trainer:train:24 - Train Epoch: 16 [0/60000 (0%)]	Loss: 0.080230
2024-10-30 21:30:17.832 | INFO     | src.util.trainer:train:24 - Train Epoch: 16 [20480/60000 (33%)]	Loss: 0.093413
2024-10-30 21:30:19.424 | INFO     | src.util.trainer:train:24 - Train Epoch: 16 [40960/60000 (67%)]	Loss: 0.090634
2024-10-30 21:30:20.759 | INFO     | src.util.trainer:train:28 - ====> Epoch: 16 Average loss: 0.0842
2024-10-30 21:30:20.929 | INFO     | src.util.trainer:train:24 - Train Epoch: 17 [0/60000 (0%)]	Loss: 0.085002
2024-10-30 21:30:22.531 | INFO     | src.util.trainer:train:24 - Train Epoch: 17 [20480/60000 (33%)]	Loss: 0.084157
2024-10-30 21:30:24.217 | INFO     | src.util.trainer:train:24 - Train Epoch: 17 [40960/60000 (67%)]	Loss: 0.079237
2024-10-30 21:30:25.570 | INFO     | src.util.trainer:train:28 - ====> Epoch: 17 Average loss: 0.0781
2024-10-30 21:30:25.734 | INFO     | src.util.trainer:train:24 - Train Epoch: 18 [0/60000 (0%)]	Loss: 0.066257
2024-10-30 21:30:27.327 | INFO     | src.util.trainer:train:24 - Train Epoch: 18 [20480/60000 (33%)]	Loss: 0.067328
2024-10-30 21:30:28.921 | INFO     | src.util.trainer:train:24 - Train Epoch: 18 [40960/60000 (67%)]	Loss: 0.074175
2024-10-30 21:30:30.329 | INFO     | src.util.trainer:train:28 - ====> Epoch: 18 Average loss: 0.0757
2024-10-30 21:30:30.491 | INFO     | src.util.trainer:train:24 - Train Epoch: 19 [0/60000 (0%)]	Loss: 0.076114
2024-10-30 21:30:32.069 | INFO     | src.util.trainer:train:24 - Train Epoch: 19 [20480/60000 (33%)]	Loss: 0.064311
2024-10-30 21:30:33.654 | INFO     | src.util.trainer:train:24 - Train Epoch: 19 [40960/60000 (67%)]	Loss: 0.080983
2024-10-30 21:30:34.980 | INFO     | src.util.trainer:train:28 - ====> Epoch: 19 Average loss: 0.0706
2024-10-30 21:30:35.142 | INFO     | src.util.trainer:train:24 - Train Epoch: 20 [0/60000 (0%)]	Loss: 0.058942
2024-10-30 21:30:36.781 | INFO     | src.util.trainer:train:24 - Train Epoch: 20 [20480/60000 (33%)]	Loss: 0.053397
2024-10-30 21:30:38.385 | INFO     | src.util.trainer:train:24 - Train Epoch: 20 [40960/60000 (67%)]	Loss: 0.070616
2024-10-30 21:30:39.730 | INFO     | src.util.trainer:train:28 - ====> Epoch: 20 Average loss: 0.0666
2024-10-30 21:30:39.889 | INFO     | src.util.trainer:train:24 - Train Epoch: 21 [0/60000 (0%)]	Loss: 0.070904
2024-10-30 21:30:41.461 | INFO     | src.util.trainer:train:24 - Train Epoch: 21 [20480/60000 (33%)]	Loss: 0.073374
2024-10-30 21:30:43.193 | INFO     | src.util.trainer:train:24 - Train Epoch: 21 [40960/60000 (67%)]	Loss: 0.060741
2024-10-30 21:30:44.523 | INFO     | src.util.trainer:train:28 - ====> Epoch: 21 Average loss: 0.0621
2024-10-30 21:30:44.721 | INFO     | src.util.trainer:train:24 - Train Epoch: 22 [0/60000 (0%)]	Loss: 0.052715
2024-10-30 21:30:46.391 | INFO     | src.util.trainer:train:24 - Train Epoch: 22 [20480/60000 (33%)]	Loss: 0.068568
2024-10-30 21:30:48.007 | INFO     | src.util.trainer:train:24 - Train Epoch: 22 [40960/60000 (67%)]	Loss: 0.073836
2024-10-30 21:30:49.478 | INFO     | src.util.trainer:train:28 - ====> Epoch: 22 Average loss: 0.0593
2024-10-30 21:30:49.643 | INFO     | src.util.trainer:train:24 - Train Epoch: 23 [0/60000 (0%)]	Loss: 0.066285
2024-10-30 21:30:51.254 | INFO     | src.util.trainer:train:24 - Train Epoch: 23 [20480/60000 (33%)]	Loss: 0.054683
2024-10-30 21:30:52.855 | INFO     | src.util.trainer:train:24 - Train Epoch: 23 [40960/60000 (67%)]	Loss: 0.055662
2024-10-30 21:30:54.183 | INFO     | src.util.trainer:train:28 - ====> Epoch: 23 Average loss: 0.0564
2024-10-30 21:30:54.345 | INFO     | src.util.trainer:train:24 - Train Epoch: 24 [0/60000 (0%)]	Loss: 0.038922
2024-10-30 21:30:56.005 | INFO     | src.util.trainer:train:24 - Train Epoch: 24 [20480/60000 (33%)]	Loss: 0.055190
2024-10-30 21:30:57.635 | INFO     | src.util.trainer:train:24 - Train Epoch: 24 [40960/60000 (67%)]	Loss: 0.037742
2024-10-30 21:30:58.986 | INFO     | src.util.trainer:train:28 - ====> Epoch: 24 Average loss: 0.0541
2024-10-30 21:30:59.153 | INFO     | src.util.trainer:train:24 - Train Epoch: 25 [0/60000 (0%)]	Loss: 0.050429
2024-10-30 21:31:00.742 | INFO     | src.util.trainer:train:24 - Train Epoch: 25 [20480/60000 (33%)]	Loss: 0.045063
2024-10-30 21:31:02.424 | INFO     | src.util.trainer:train:24 - Train Epoch: 25 [40960/60000 (67%)]	Loss: 0.044012
2024-10-30 21:31:03.762 | INFO     | src.util.trainer:train:28 - ====> Epoch: 25 Average loss: 0.0519
2024-10-30 21:31:03.992 | INFO     | src.util.trainer:train:24 - Train Epoch: 26 [0/60000 (0%)]	Loss: 0.045742
2024-10-30 21:31:05.591 | INFO     | src.util.trainer:train:24 - Train Epoch: 26 [20480/60000 (33%)]	Loss: 0.049200
2024-10-30 21:31:07.212 | INFO     | src.util.trainer:train:24 - Train Epoch: 26 [40960/60000 (67%)]	Loss: 0.055786
2024-10-30 21:31:08.624 | INFO     | src.util.trainer:train:28 - ====> Epoch: 26 Average loss: 0.0494
2024-10-30 21:31:08.792 | INFO     | src.util.trainer:train:24 - Train Epoch: 27 [0/60000 (0%)]	Loss: 0.053512
2024-10-30 21:31:10.368 | INFO     | src.util.trainer:train:24 - Train Epoch: 27 [20480/60000 (33%)]	Loss: 0.048126
2024-10-30 21:31:11.956 | INFO     | src.util.trainer:train:24 - Train Epoch: 27 [40960/60000 (67%)]	Loss: 0.052416
2024-10-30 21:31:13.295 | INFO     | src.util.trainer:train:28 - ====> Epoch: 27 Average loss: 0.0466
2024-10-30 21:31:13.471 | INFO     | src.util.trainer:train:24 - Train Epoch: 28 [0/60000 (0%)]	Loss: 0.042106
2024-10-30 21:31:15.269 | INFO     | src.util.trainer:train:24 - Train Epoch: 28 [20480/60000 (33%)]	Loss: 0.043277
2024-10-30 21:31:16.863 | INFO     | src.util.trainer:train:24 - Train Epoch: 28 [40960/60000 (67%)]	Loss: 0.050713
2024-10-30 21:31:18.226 | INFO     | src.util.trainer:train:28 - ====> Epoch: 28 Average loss: 0.0453
2024-10-30 21:31:18.402 | INFO     | src.util.trainer:train:24 - Train Epoch: 29 [0/60000 (0%)]	Loss: 0.037733
2024-10-30 21:31:19.995 | INFO     | src.util.trainer:train:24 - Train Epoch: 29 [20480/60000 (33%)]	Loss: 0.039573
2024-10-30 21:31:21.664 | INFO     | src.util.trainer:train:24 - Train Epoch: 29 [40960/60000 (67%)]	Loss: 0.040426
2024-10-30 21:31:22.994 | INFO     | src.util.trainer:train:28 - ====> Epoch: 29 Average loss: 0.0422
2024-10-30 21:31:23.159 | INFO     | src.util.trainer:train:24 - Train Epoch: 30 [0/60000 (0%)]	Loss: 0.046612
2024-10-30 21:31:24.884 | INFO     | src.util.trainer:train:24 - Train Epoch: 30 [20480/60000 (33%)]	Loss: 0.036689
2024-10-30 21:31:26.468 | INFO     | src.util.trainer:train:24 - Train Epoch: 30 [40960/60000 (67%)]	Loss: 0.038334
2024-10-30 21:31:27.876 | INFO     | src.util.trainer:train:28 - ====> Epoch: 30 Average loss: 0.0410
2024-10-30 21:31:28.042 | INFO     | src.util.trainer:train:24 - Train Epoch: 31 [0/60000 (0%)]	Loss: 0.037685
2024-10-30 21:31:29.639 | INFO     | src.util.trainer:train:24 - Train Epoch: 31 [20480/60000 (33%)]	Loss: 0.027119
2024-10-30 21:31:31.251 | INFO     | src.util.trainer:train:24 - Train Epoch: 31 [40960/60000 (67%)]	Loss: 0.037125
2024-10-30 21:31:32.588 | INFO     | src.util.trainer:train:28 - ====> Epoch: 31 Average loss: 0.0380
2024-10-30 21:31:32.758 | INFO     | src.util.trainer:train:24 - Train Epoch: 32 [0/60000 (0%)]	Loss: 0.032648
2024-10-30 21:31:34.432 | INFO     | src.util.trainer:train:24 - Train Epoch: 32 [20480/60000 (33%)]	Loss: 0.045063
2024-10-30 21:31:36.039 | INFO     | src.util.trainer:train:24 - Train Epoch: 32 [40960/60000 (67%)]	Loss: 0.035271
2024-10-30 21:31:37.386 | INFO     | src.util.trainer:train:28 - ====> Epoch: 32 Average loss: 0.0358
2024-10-30 21:31:37.552 | INFO     | src.util.trainer:train:24 - Train Epoch: 33 [0/60000 (0%)]	Loss: 0.028514
2024-10-30 21:31:39.166 | INFO     | src.util.trainer:train:24 - Train Epoch: 33 [20480/60000 (33%)]	Loss: 0.033094
2024-10-30 21:31:40.850 | INFO     | src.util.trainer:train:24 - Train Epoch: 33 [40960/60000 (67%)]	Loss: 0.030651
2024-10-30 21:31:42.201 | INFO     | src.util.trainer:train:28 - ====> Epoch: 33 Average loss: 0.0344
2024-10-30 21:31:42.363 | INFO     | src.util.trainer:train:24 - Train Epoch: 34 [0/60000 (0%)]	Loss: 0.029093
2024-10-30 21:31:43.971 | INFO     | src.util.trainer:train:24 - Train Epoch: 34 [20480/60000 (33%)]	Loss: 0.031171
2024-10-30 21:31:45.571 | INFO     | src.util.trainer:train:24 - Train Epoch: 34 [40960/60000 (67%)]	Loss: 0.034663
2024-10-30 21:31:46.987 | INFO     | src.util.trainer:train:28 - ====> Epoch: 34 Average loss: 0.0326
2024-10-30 21:31:47.193 | INFO     | src.util.trainer:train:24 - Train Epoch: 35 [0/60000 (0%)]	Loss: 0.029265
2024-10-30 21:31:48.900 | INFO     | src.util.trainer:train:24 - Train Epoch: 35 [20480/60000 (33%)]	Loss: 0.026108
2024-10-30 21:31:50.500 | INFO     | src.util.trainer:train:24 - Train Epoch: 35 [40960/60000 (67%)]	Loss: 0.033996
2024-10-30 21:31:51.846 | INFO     | src.util.trainer:train:28 - ====> Epoch: 35 Average loss: 0.0302
2024-10-30 21:31:52.016 | INFO     | src.util.trainer:train:24 - Train Epoch: 36 [0/60000 (0%)]	Loss: 0.030396
2024-10-30 21:31:53.680 | INFO     | src.util.trainer:train:24 - Train Epoch: 36 [20480/60000 (33%)]	Loss: 0.030396
2024-10-30 21:31:55.267 | INFO     | src.util.trainer:train:24 - Train Epoch: 36 [40960/60000 (67%)]	Loss: 0.027735
2024-10-30 21:31:56.644 | INFO     | src.util.trainer:train:28 - ====> Epoch: 36 Average loss: 0.0293
2024-10-30 21:31:56.868 | INFO     | src.util.trainer:train:24 - Train Epoch: 37 [0/60000 (0%)]	Loss: 0.021648
2024-10-30 21:31:58.493 | INFO     | src.util.trainer:train:24 - Train Epoch: 37 [20480/60000 (33%)]	Loss: 0.022524
2024-10-30 21:32:00.169 | INFO     | src.util.trainer:train:24 - Train Epoch: 37 [40960/60000 (67%)]	Loss: 0.035173
2024-10-30 21:32:01.492 | INFO     | src.util.trainer:train:28 - ====> Epoch: 37 Average loss: 0.0277
2024-10-30 21:32:01.698 | INFO     | src.util.trainer:train:24 - Train Epoch: 38 [0/60000 (0%)]	Loss: 0.028749
2024-10-30 21:32:03.303 | INFO     | src.util.trainer:train:24 - Train Epoch: 38 [20480/60000 (33%)]	Loss: 0.024388
2024-10-30 21:32:04.899 | INFO     | src.util.trainer:train:24 - Train Epoch: 38 [40960/60000 (67%)]	Loss: 0.029619
2024-10-30 21:32:06.308 | INFO     | src.util.trainer:train:28 - ====> Epoch: 38 Average loss: 0.0265
2024-10-30 21:32:06.476 | INFO     | src.util.trainer:train:24 - Train Epoch: 39 [0/60000 (0%)]	Loss: 0.021344
2024-10-30 21:32:08.032 | INFO     | src.util.trainer:train:24 - Train Epoch: 39 [20480/60000 (33%)]	Loss: 0.027329
2024-10-30 21:32:09.595 | INFO     | src.util.trainer:train:24 - Train Epoch: 39 [40960/60000 (67%)]	Loss: 0.026547
2024-10-30 21:32:10.888 | INFO     | src.util.trainer:train:28 - ====> Epoch: 39 Average loss: 0.0253
2024-10-30 21:32:11.051 | INFO     | src.util.trainer:train:24 - Train Epoch: 40 [0/60000 (0%)]	Loss: 0.025706
2024-10-30 21:32:12.684 | INFO     | src.util.trainer:train:24 - Train Epoch: 40 [20480/60000 (33%)]	Loss: 0.027265
2024-10-30 21:32:14.316 | INFO     | src.util.trainer:train:24 - Train Epoch: 40 [40960/60000 (67%)]	Loss: 0.028161
2024-10-30 21:32:15.655 | INFO     | src.util.trainer:train:28 - ====> Epoch: 40 Average loss: 0.0241
2024-10-30 21:32:15.825 | INFO     | src.util.trainer:train:24 - Train Epoch: 41 [0/60000 (0%)]	Loss: 0.020245
2024-10-30 21:32:17.422 | INFO     | src.util.trainer:train:24 - Train Epoch: 41 [20480/60000 (33%)]	Loss: 0.014392
2024-10-30 21:32:19.103 | INFO     | src.util.trainer:train:24 - Train Epoch: 41 [40960/60000 (67%)]	Loss: 0.023715
2024-10-30 21:32:20.439 | INFO     | src.util.trainer:train:28 - ====> Epoch: 41 Average loss: 0.0226
2024-10-30 21:32:20.601 | INFO     | src.util.trainer:train:24 - Train Epoch: 42 [0/60000 (0%)]	Loss: 0.024184
2024-10-30 21:32:22.197 | INFO     | src.util.trainer:train:24 - Train Epoch: 42 [20480/60000 (33%)]	Loss: 0.026330
2024-10-30 21:32:23.797 | INFO     | src.util.trainer:train:24 - Train Epoch: 42 [40960/60000 (67%)]	Loss: 0.019988
2024-10-30 21:32:25.211 | INFO     | src.util.trainer:train:28 - ====> Epoch: 42 Average loss: 0.0214
2024-10-30 21:32:25.385 | INFO     | src.util.trainer:train:24 - Train Epoch: 43 [0/60000 (0%)]	Loss: 0.023417
2024-10-30 21:32:27.013 | INFO     | src.util.trainer:train:24 - Train Epoch: 43 [20480/60000 (33%)]	Loss: 0.020857
2024-10-30 21:32:28.617 | INFO     | src.util.trainer:train:24 - Train Epoch: 43 [40960/60000 (67%)]	Loss: 0.017333
2024-10-30 21:32:29.952 | INFO     | src.util.trainer:train:28 - ====> Epoch: 43 Average loss: 0.0203
2024-10-30 21:32:30.116 | INFO     | src.util.trainer:train:24 - Train Epoch: 44 [0/60000 (0%)]	Loss: 0.019422
2024-10-30 21:32:31.802 | INFO     | src.util.trainer:train:24 - Train Epoch: 44 [20480/60000 (33%)]	Loss: 0.016004
2024-10-30 21:32:33.397 | INFO     | src.util.trainer:train:24 - Train Epoch: 44 [40960/60000 (67%)]	Loss: 0.021023
2024-10-30 21:32:34.733 | INFO     | src.util.trainer:train:28 - ====> Epoch: 44 Average loss: 0.0188
2024-10-30 21:32:34.899 | INFO     | src.util.trainer:train:24 - Train Epoch: 45 [0/60000 (0%)]	Loss: 0.014979
2024-10-30 21:32:36.508 | INFO     | src.util.trainer:train:24 - Train Epoch: 45 [20480/60000 (33%)]	Loss: 0.014859
2024-10-30 21:32:38.194 | INFO     | src.util.trainer:train:24 - Train Epoch: 45 [40960/60000 (67%)]	Loss: 0.024305
2024-10-30 21:32:39.530 | INFO     | src.util.trainer:train:28 - ====> Epoch: 45 Average loss: 0.0179
2024-10-30 21:32:39.693 | INFO     | src.util.trainer:train:24 - Train Epoch: 46 [0/60000 (0%)]	Loss: 0.017716
2024-10-30 21:32:41.278 | INFO     | src.util.trainer:train:24 - Train Epoch: 46 [20480/60000 (33%)]	Loss: 0.014078
2024-10-30 21:32:42.873 | INFO     | src.util.trainer:train:24 - Train Epoch: 46 [40960/60000 (67%)]	Loss: 0.018477
2024-10-30 21:32:44.274 | INFO     | src.util.trainer:train:28 - ====> Epoch: 46 Average loss: 0.0170
2024-10-30 21:32:44.439 | INFO     | src.util.trainer:train:24 - Train Epoch: 47 [0/60000 (0%)]	Loss: 0.022993
2024-10-30 21:32:46.053 | INFO     | src.util.trainer:train:24 - Train Epoch: 47 [20480/60000 (33%)]	Loss: 0.010967
2024-10-30 21:32:47.682 | INFO     | src.util.trainer:train:24 - Train Epoch: 47 [40960/60000 (67%)]	Loss: 0.013790
2024-10-30 21:32:49.031 | INFO     | src.util.trainer:train:28 - ====> Epoch: 47 Average loss: 0.0164
2024-10-30 21:32:49.201 | INFO     | src.util.trainer:train:24 - Train Epoch: 48 [0/60000 (0%)]	Loss: 0.014684
2024-10-30 21:32:50.873 | INFO     | src.util.trainer:train:24 - Train Epoch: 48 [20480/60000 (33%)]	Loss: 0.018153
2024-10-30 21:32:52.473 | INFO     | src.util.trainer:train:24 - Train Epoch: 48 [40960/60000 (67%)]	Loss: 0.017428
2024-10-30 21:32:53.814 | INFO     | src.util.trainer:train:28 - ====> Epoch: 48 Average loss: 0.0156
2024-10-30 21:32:53.983 | INFO     | src.util.trainer:train:24 - Train Epoch: 49 [0/60000 (0%)]	Loss: 0.016864
2024-10-30 21:32:55.577 | INFO     | src.util.trainer:train:24 - Train Epoch: 49 [20480/60000 (33%)]	Loss: 0.014587
2024-10-30 21:32:57.262 | INFO     | src.util.trainer:train:24 - Train Epoch: 49 [40960/60000 (67%)]	Loss: 0.013396
2024-10-30 21:32:58.629 | INFO     | src.util.trainer:train:28 - ====> Epoch: 49 Average loss: 0.0145
2024-10-30 21:32:58.797 | INFO     | src.util.trainer:train:24 - Train Epoch: 50 [0/60000 (0%)]	Loss: 0.012269
2024-10-30 21:33:00.385 | INFO     | src.util.trainer:train:24 - Train Epoch: 50 [20480/60000 (33%)]	Loss: 0.022934
2024-10-30 21:33:01.974 | INFO     | src.util.trainer:train:24 - Train Epoch: 50 [40960/60000 (67%)]	Loss: 0.016236
2024-10-30 21:33:03.373 | INFO     | src.util.trainer:train:28 - ====> Epoch: 50 Average loss: 0.0140
2024-10-30 21:33:03.537 | INFO     | src.util.trainer:train:24 - Train Epoch: 51 [0/60000 (0%)]	Loss: 0.009546
2024-10-30 21:33:05.130 | INFO     | src.util.trainer:train:24 - Train Epoch: 51 [20480/60000 (33%)]	Loss: 0.012345
2024-10-30 21:33:06.719 | INFO     | src.util.trainer:train:24 - Train Epoch: 51 [40960/60000 (67%)]	Loss: 0.013222
2024-10-30 21:33:08.058 | INFO     | src.util.trainer:train:28 - ====> Epoch: 51 Average loss: 0.0128
2024-10-30 21:33:08.225 | INFO     | src.util.trainer:train:24 - Train Epoch: 52 [0/60000 (0%)]	Loss: 0.013761
2024-10-30 21:33:09.908 | INFO     | src.util.trainer:train:24 - Train Epoch: 52 [20480/60000 (33%)]	Loss: 0.012858
2024-10-30 21:33:11.513 | INFO     | src.util.trainer:train:24 - Train Epoch: 52 [40960/60000 (67%)]	Loss: 0.012230
2024-10-30 21:33:12.848 | INFO     | src.util.trainer:train:28 - ====> Epoch: 52 Average loss: 0.0123
2024-10-30 21:33:13.014 | INFO     | src.util.trainer:train:24 - Train Epoch: 53 [0/60000 (0%)]	Loss: 0.010058
2024-10-30 21:33:14.610 | INFO     | src.util.trainer:train:24 - Train Epoch: 53 [20480/60000 (33%)]	Loss: 0.012503
2024-10-30 21:33:16.273 | INFO     | src.util.trainer:train:24 - Train Epoch: 53 [40960/60000 (67%)]	Loss: 0.013659
2024-10-30 21:33:17.640 | INFO     | src.util.trainer:train:28 - ====> Epoch: 53 Average loss: 0.0116
2024-10-30 21:33:17.808 | INFO     | src.util.trainer:train:24 - Train Epoch: 54 [0/60000 (0%)]	Loss: 0.008154
2024-10-30 21:33:19.422 | INFO     | src.util.trainer:train:24 - Train Epoch: 54 [20480/60000 (33%)]	Loss: 0.010766
2024-10-30 21:33:21.051 | INFO     | src.util.trainer:train:24 - Train Epoch: 54 [40960/60000 (67%)]	Loss: 0.011643
2024-10-30 21:33:22.495 | INFO     | src.util.trainer:train:28 - ====> Epoch: 54 Average loss: 0.0108
2024-10-30 21:33:22.658 | INFO     | src.util.trainer:train:24 - Train Epoch: 55 [0/60000 (0%)]	Loss: 0.007972
2024-10-30 21:33:24.247 | INFO     | src.util.trainer:train:24 - Train Epoch: 55 [20480/60000 (33%)]	Loss: 0.012779
2024-10-30 21:33:25.839 | INFO     | src.util.trainer:train:24 - Train Epoch: 55 [40960/60000 (67%)]	Loss: 0.011314
2024-10-30 21:33:27.172 | INFO     | src.util.trainer:train:28 - ====> Epoch: 55 Average loss: 0.0104
2024-10-30 21:33:27.370 | INFO     | src.util.trainer:train:24 - Train Epoch: 56 [0/60000 (0%)]	Loss: 0.007051
2024-10-30 21:33:29.286 | INFO     | src.util.trainer:train:24 - Train Epoch: 56 [20480/60000 (33%)]	Loss: 0.010372
2024-10-30 21:33:30.896 | INFO     | src.util.trainer:train:24 - Train Epoch: 56 [40960/60000 (67%)]	Loss: 0.009304
2024-10-30 21:33:32.259 | INFO     | src.util.trainer:train:28 - ====> Epoch: 56 Average loss: 0.0099
2024-10-30 21:33:32.436 | INFO     | src.util.trainer:train:24 - Train Epoch: 57 [0/60000 (0%)]	Loss: 0.012363
2024-10-30 21:33:34.027 | INFO     | src.util.trainer:train:24 - Train Epoch: 57 [20480/60000 (33%)]	Loss: 0.008080
2024-10-30 21:33:35.710 | INFO     | src.util.trainer:train:24 - Train Epoch: 57 [40960/60000 (67%)]	Loss: 0.006766
2024-10-30 21:33:37.052 | INFO     | src.util.trainer:train:28 - ====> Epoch: 57 Average loss: 0.0097
2024-10-30 21:33:37.215 | INFO     | src.util.trainer:train:24 - Train Epoch: 58 [0/60000 (0%)]	Loss: 0.007358
2024-10-30 21:33:38.808 | INFO     | src.util.trainer:train:24 - Train Epoch: 58 [20480/60000 (33%)]	Loss: 0.006764
2024-10-30 21:33:40.407 | INFO     | src.util.trainer:train:24 - Train Epoch: 58 [40960/60000 (67%)]	Loss: 0.007626
2024-10-30 21:33:41.847 | INFO     | src.util.trainer:train:28 - ====> Epoch: 58 Average loss: 0.0085
2024-10-30 21:33:42.025 | INFO     | src.util.trainer:train:24 - Train Epoch: 59 [0/60000 (0%)]	Loss: 0.009151
2024-10-30 21:33:43.853 | INFO     | src.util.trainer:train:24 - Train Epoch: 59 [20480/60000 (33%)]	Loss: 0.006831
2024-10-30 21:33:45.446 | INFO     | src.util.trainer:train:24 - Train Epoch: 59 [40960/60000 (67%)]	Loss: 0.007325
2024-10-30 21:33:46.778 | INFO     | src.util.trainer:train:28 - ====> Epoch: 59 Average loss: 0.0084
2024-10-30 21:33:46.944 | INFO     | src.util.trainer:train:24 - Train Epoch: 60 [0/60000 (0%)]	Loss: 0.009198
2024-10-30 21:33:48.616 | INFO     | src.util.trainer:train:24 - Train Epoch: 60 [20480/60000 (33%)]	Loss: 0.008248
2024-10-30 21:33:50.208 | INFO     | src.util.trainer:train:24 - Train Epoch: 60 [40960/60000 (67%)]	Loss: 0.006647
2024-10-30 21:33:51.556 | INFO     | src.util.trainer:train:28 - ====> Epoch: 60 Average loss: 0.0077
2024-10-30 21:33:51.719 | INFO     | src.util.trainer:train:24 - Train Epoch: 61 [0/60000 (0%)]	Loss: 0.007734
2024-10-30 21:33:53.326 | INFO     | src.util.trainer:train:24 - Train Epoch: 61 [20480/60000 (33%)]	Loss: 0.007403
2024-10-30 21:33:55.027 | INFO     | src.util.trainer:train:24 - Train Epoch: 61 [40960/60000 (67%)]	Loss: 0.006996
2024-10-30 21:33:56.359 | INFO     | src.util.trainer:train:28 - ====> Epoch: 61 Average loss: 0.0075
2024-10-30 21:33:56.524 | INFO     | src.util.trainer:train:24 - Train Epoch: 62 [0/60000 (0%)]	Loss: 0.008231
2024-10-30 21:33:58.236 | INFO     | src.util.trainer:train:24 - Train Epoch: 62 [20480/60000 (33%)]	Loss: 0.011604
2024-10-30 21:33:59.840 | INFO     | src.util.trainer:train:24 - Train Epoch: 62 [40960/60000 (67%)]	Loss: 0.005606
2024-10-30 21:34:01.254 | INFO     | src.util.trainer:train:28 - ====> Epoch: 62 Average loss: 0.0068
2024-10-30 21:34:01.421 | INFO     | src.util.trainer:train:24 - Train Epoch: 63 [0/60000 (0%)]	Loss: 0.005643
2024-10-30 21:34:03.024 | INFO     | src.util.trainer:train:24 - Train Epoch: 63 [20480/60000 (33%)]	Loss: 0.006371
2024-10-30 21:34:04.630 | INFO     | src.util.trainer:train:24 - Train Epoch: 63 [40960/60000 (67%)]	Loss: 0.005569
2024-10-30 21:34:05.960 | INFO     | src.util.trainer:train:28 - ====> Epoch: 63 Average loss: 0.0067
2024-10-30 21:34:06.125 | INFO     | src.util.trainer:train:24 - Train Epoch: 64 [0/60000 (0%)]	Loss: 0.007328
2024-10-30 21:34:07.805 | INFO     | src.util.trainer:train:24 - Train Epoch: 64 [20480/60000 (33%)]	Loss: 0.006416
2024-10-30 21:34:09.559 | INFO     | src.util.trainer:train:24 - Train Epoch: 64 [40960/60000 (67%)]	Loss: 0.007472
2024-10-30 21:34:10.875 | INFO     | src.util.trainer:train:28 - ====> Epoch: 64 Average loss: 0.0064
2024-10-30 21:34:11.038 | INFO     | src.util.trainer:train:24 - Train Epoch: 65 [0/60000 (0%)]	Loss: 0.004062
2024-10-30 21:34:12.615 | INFO     | src.util.trainer:train:24 - Train Epoch: 65 [20480/60000 (33%)]	Loss: 0.004599
2024-10-30 21:34:14.275 | INFO     | src.util.trainer:train:24 - Train Epoch: 65 [40960/60000 (67%)]	Loss: 0.005308
2024-10-30 21:34:15.610 | INFO     | src.util.trainer:train:28 - ====> Epoch: 65 Average loss: 0.0059
2024-10-30 21:34:15.784 | INFO     | src.util.trainer:train:24 - Train Epoch: 66 [0/60000 (0%)]	Loss: 0.004018
2024-10-30 21:34:17.459 | INFO     | src.util.trainer:train:24 - Train Epoch: 66 [20480/60000 (33%)]	Loss: 0.004892
2024-10-30 21:34:19.063 | INFO     | src.util.trainer:train:24 - Train Epoch: 66 [40960/60000 (67%)]	Loss: 0.005248
2024-10-30 21:34:20.475 | INFO     | src.util.trainer:train:28 - ====> Epoch: 66 Average loss: 0.0055
2024-10-30 21:34:20.640 | INFO     | src.util.trainer:train:24 - Train Epoch: 67 [0/60000 (0%)]	Loss: 0.005032
2024-10-30 21:34:22.245 | INFO     | src.util.trainer:train:24 - Train Epoch: 67 [20480/60000 (33%)]	Loss: 0.005141
2024-10-30 21:34:23.839 | INFO     | src.util.trainer:train:24 - Train Epoch: 67 [40960/60000 (67%)]	Loss: 0.004751
2024-10-30 21:34:25.167 | INFO     | src.util.trainer:train:28 - ====> Epoch: 67 Average loss: 0.0051
2024-10-30 21:34:25.336 | INFO     | src.util.trainer:train:24 - Train Epoch: 68 [0/60000 (0%)]	Loss: 0.004130
2024-10-30 21:34:26.999 | INFO     | src.util.trainer:train:24 - Train Epoch: 68 [20480/60000 (33%)]	Loss: 0.004928
2024-10-30 21:34:28.577 | INFO     | src.util.trainer:train:24 - Train Epoch: 68 [40960/60000 (67%)]	Loss: 0.004843
2024-10-30 21:34:29.903 | INFO     | src.util.trainer:train:28 - ====> Epoch: 68 Average loss: 0.0049
2024-10-30 21:34:30.066 | INFO     | src.util.trainer:train:24 - Train Epoch: 69 [0/60000 (0%)]	Loss: 0.004092
2024-10-30 21:34:31.643 | INFO     | src.util.trainer:train:24 - Train Epoch: 69 [20480/60000 (33%)]	Loss: 0.003450
2024-10-30 21:34:33.286 | INFO     | src.util.trainer:train:24 - Train Epoch: 69 [40960/60000 (67%)]	Loss: 0.005533
2024-10-30 21:34:34.616 | INFO     | src.util.trainer:train:28 - ====> Epoch: 69 Average loss: 0.0046
2024-10-30 21:34:34.778 | INFO     | src.util.trainer:train:24 - Train Epoch: 70 [0/60000 (0%)]	Loss: 0.003705
2024-10-30 21:34:36.357 | INFO     | src.util.trainer:train:24 - Train Epoch: 70 [20480/60000 (33%)]	Loss: 0.007040
2024-10-30 21:34:38.004 | INFO     | src.util.trainer:train:24 - Train Epoch: 70 [40960/60000 (67%)]	Loss: 0.003946
2024-10-30 21:34:39.417 | INFO     | src.util.trainer:train:28 - ====> Epoch: 70 Average loss: 0.0046
2024-10-30 21:34:39.579 | INFO     | src.util.trainer:train:24 - Train Epoch: 71 [0/60000 (0%)]	Loss: 0.003955
2024-10-30 21:34:41.148 | INFO     | src.util.trainer:train:24 - Train Epoch: 71 [20480/60000 (33%)]	Loss: 0.009116
2024-10-30 21:34:42.731 | INFO     | src.util.trainer:train:24 - Train Epoch: 71 [40960/60000 (67%)]	Loss: 0.003195
2024-10-30 21:34:44.048 | INFO     | src.util.trainer:train:28 - ====> Epoch: 71 Average loss: 0.0043
2024-10-30 21:34:44.208 | INFO     | src.util.trainer:train:24 - Train Epoch: 72 [0/60000 (0%)]	Loss: 0.003981
2024-10-30 21:34:45.861 | INFO     | src.util.trainer:train:24 - Train Epoch: 72 [20480/60000 (33%)]	Loss: 0.003920
2024-10-30 21:34:47.436 | INFO     | src.util.trainer:train:24 - Train Epoch: 72 [40960/60000 (67%)]	Loss: 0.002950
2024-10-30 21:34:48.748 | INFO     | src.util.trainer:train:28 - ====> Epoch: 72 Average loss: 0.0039
2024-10-30 21:34:48.909 | INFO     | src.util.trainer:train:24 - Train Epoch: 73 [0/60000 (0%)]	Loss: 0.002722
2024-10-30 21:34:50.515 | INFO     | src.util.trainer:train:24 - Train Epoch: 73 [20480/60000 (33%)]	Loss: 0.003298
2024-10-30 21:34:52.185 | INFO     | src.util.trainer:train:24 - Train Epoch: 73 [40960/60000 (67%)]	Loss: 0.004343
2024-10-30 21:34:53.519 | INFO     | src.util.trainer:train:28 - ====> Epoch: 73 Average loss: 0.0038
2024-10-30 21:34:53.741 | INFO     | src.util.trainer:train:24 - Train Epoch: 74 [0/60000 (0%)]	Loss: 0.002776
2024-10-30 21:34:55.314 | INFO     | src.util.trainer:train:24 - Train Epoch: 74 [20480/60000 (33%)]	Loss: 0.003168
2024-10-30 21:34:56.916 | INFO     | src.util.trainer:train:24 - Train Epoch: 74 [40960/60000 (67%)]	Loss: 0.003298
2024-10-30 21:34:58.376 | INFO     | src.util.trainer:train:28 - ====> Epoch: 74 Average loss: 0.0035
2024-10-30 21:34:58.549 | INFO     | src.util.trainer:train:24 - Train Epoch: 75 [0/60000 (0%)]	Loss: 0.002843
2024-10-30 21:35:00.195 | INFO     | src.util.trainer:train:24 - Train Epoch: 75 [20480/60000 (33%)]	Loss: 0.003158
2024-10-30 21:35:01.820 | INFO     | src.util.trainer:train:24 - Train Epoch: 75 [40960/60000 (67%)]	Loss: 0.003562
2024-10-30 21:35:03.162 | INFO     | src.util.trainer:train:28 - ====> Epoch: 75 Average loss: 0.0033
2024-10-30 21:35:03.333 | INFO     | src.util.trainer:train:24 - Train Epoch: 76 [0/60000 (0%)]	Loss: 0.002485
2024-10-30 21:35:05.025 | INFO     | src.util.trainer:train:24 - Train Epoch: 76 [20480/60000 (33%)]	Loss: 0.002723
2024-10-30 21:35:06.633 | INFO     | src.util.trainer:train:24 - Train Epoch: 76 [40960/60000 (67%)]	Loss: 0.002495
2024-10-30 21:35:07.976 | INFO     | src.util.trainer:train:28 - ====> Epoch: 76 Average loss: 0.0032
2024-10-30 21:35:08.140 | INFO     | src.util.trainer:train:24 - Train Epoch: 77 [0/60000 (0%)]	Loss: 0.003071
2024-10-30 21:35:09.750 | INFO     | src.util.trainer:train:24 - Train Epoch: 77 [20480/60000 (33%)]	Loss: 0.002578
2024-10-30 21:35:11.423 | INFO     | src.util.trainer:train:24 - Train Epoch: 77 [40960/60000 (67%)]	Loss: 0.002726
2024-10-30 21:35:12.793 | INFO     | src.util.trainer:train:28 - ====> Epoch: 77 Average loss: 0.0030
2024-10-30 21:35:12.960 | INFO     | src.util.trainer:train:24 - Train Epoch: 78 [0/60000 (0%)]	Loss: 0.002865
2024-10-30 21:35:14.557 | INFO     | src.util.trainer:train:24 - Train Epoch: 78 [20480/60000 (33%)]	Loss: 0.003419
2024-10-30 21:35:16.141 | INFO     | src.util.trainer:train:24 - Train Epoch: 78 [40960/60000 (67%)]	Loss: 0.003182
2024-10-30 21:35:17.560 | INFO     | src.util.trainer:train:28 - ====> Epoch: 78 Average loss: 0.0029
2024-10-30 21:35:17.725 | INFO     | src.util.trainer:train:24 - Train Epoch: 79 [0/60000 (0%)]	Loss: 0.003199
2024-10-30 21:35:19.341 | INFO     | src.util.trainer:train:24 - Train Epoch: 79 [20480/60000 (33%)]	Loss: 0.002148
2024-10-30 21:35:20.943 | INFO     | src.util.trainer:train:24 - Train Epoch: 79 [40960/60000 (67%)]	Loss: 0.002421
2024-10-30 21:35:22.272 | INFO     | src.util.trainer:train:28 - ====> Epoch: 79 Average loss: 0.0027
2024-10-30 21:35:22.441 | INFO     | src.util.trainer:train:24 - Train Epoch: 80 [0/60000 (0%)]	Loss: 0.002651
2024-10-30 21:35:24.100 | INFO     | src.util.trainer:train:24 - Train Epoch: 80 [20480/60000 (33%)]	Loss: 0.003129
2024-10-30 21:35:25.712 | INFO     | src.util.trainer:train:24 - Train Epoch: 80 [40960/60000 (67%)]	Loss: 0.002120
2024-10-30 21:35:27.069 | INFO     | src.util.trainer:train:28 - ====> Epoch: 80 Average loss: 0.0026
2024-10-30 21:35:27.232 | INFO     | src.util.trainer:train:24 - Train Epoch: 81 [0/60000 (0%)]	Loss: 0.002729
2024-10-30 21:35:28.828 | INFO     | src.util.trainer:train:24 - Train Epoch: 81 [20480/60000 (33%)]	Loss: 0.002481
2024-10-30 21:35:30.504 | INFO     | src.util.trainer:train:24 - Train Epoch: 81 [40960/60000 (67%)]	Loss: 0.002260
2024-10-30 21:35:31.843 | INFO     | src.util.trainer:train:28 - ====> Epoch: 81 Average loss: 0.0024
2024-10-30 21:35:32.004 | INFO     | src.util.trainer:train:24 - Train Epoch: 82 [0/60000 (0%)]	Loss: 0.002086
2024-10-30 21:35:33.598 | INFO     | src.util.trainer:train:24 - Train Epoch: 82 [20480/60000 (33%)]	Loss: 0.001706
2024-10-30 21:35:35.194 | INFO     | src.util.trainer:train:24 - Train Epoch: 82 [40960/60000 (67%)]	Loss: 0.001956
2024-10-30 21:35:36.599 | INFO     | src.util.trainer:train:28 - ====> Epoch: 82 Average loss: 0.0023
2024-10-30 21:35:36.765 | INFO     | src.util.trainer:train:24 - Train Epoch: 83 [0/60000 (0%)]	Loss: 0.001858
2024-10-30 21:35:38.381 | INFO     | src.util.trainer:train:24 - Train Epoch: 83 [20480/60000 (33%)]	Loss: 0.001883
2024-10-30 21:35:39.989 | INFO     | src.util.trainer:train:24 - Train Epoch: 83 [40960/60000 (67%)]	Loss: 0.002247
2024-10-30 21:35:41.308 | INFO     | src.util.trainer:train:28 - ====> Epoch: 83 Average loss: 0.0021
2024-10-30 21:35:41.470 | INFO     | src.util.trainer:train:24 - Train Epoch: 84 [0/60000 (0%)]	Loss: 0.002008
2024-10-30 21:35:43.117 | INFO     | src.util.trainer:train:24 - Train Epoch: 84 [20480/60000 (33%)]	Loss: 0.002063
2024-10-30 21:35:44.708 | INFO     | src.util.trainer:train:24 - Train Epoch: 84 [40960/60000 (67%)]	Loss: 0.001824
2024-10-30 21:35:46.047 | INFO     | src.util.trainer:train:28 - ====> Epoch: 84 Average loss: 0.0021
2024-10-30 21:35:46.212 | INFO     | src.util.trainer:train:24 - Train Epoch: 85 [0/60000 (0%)]	Loss: 0.002276
2024-10-30 21:35:47.815 | INFO     | src.util.trainer:train:24 - Train Epoch: 85 [20480/60000 (33%)]	Loss: 0.002121
2024-10-30 21:35:49.518 | INFO     | src.util.trainer:train:24 - Train Epoch: 85 [40960/60000 (67%)]	Loss: 0.001917
2024-10-30 21:35:50.847 | INFO     | src.util.trainer:train:28 - ====> Epoch: 85 Average loss: 0.0020
2024-10-30 21:35:51.008 | INFO     | src.util.trainer:train:24 - Train Epoch: 86 [0/60000 (0%)]	Loss: 0.001810
2024-10-30 21:35:52.575 | INFO     | src.util.trainer:train:24 - Train Epoch: 86 [20480/60000 (33%)]	Loss: 0.001570
2024-10-30 21:35:54.154 | INFO     | src.util.trainer:train:24 - Train Epoch: 86 [40960/60000 (67%)]	Loss: 0.002126
2024-10-30 21:35:55.552 | INFO     | src.util.trainer:train:28 - ====> Epoch: 86 Average loss: 0.0019
2024-10-30 21:35:55.718 | INFO     | src.util.trainer:train:24 - Train Epoch: 87 [0/60000 (0%)]	Loss: 0.001678
2024-10-30 21:35:57.292 | INFO     | src.util.trainer:train:24 - Train Epoch: 87 [20480/60000 (33%)]	Loss: 0.002092
2024-10-30 21:35:58.887 | INFO     | src.util.trainer:train:24 - Train Epoch: 87 [40960/60000 (67%)]	Loss: 0.002008
2024-10-30 21:36:00.216 | INFO     | src.util.trainer:train:28 - ====> Epoch: 87 Average loss: 0.0018
2024-10-30 21:36:00.377 | INFO     | src.util.trainer:train:24 - Train Epoch: 88 [0/60000 (0%)]	Loss: 0.001320
2024-10-30 21:36:02.013 | INFO     | src.util.trainer:train:24 - Train Epoch: 88 [20480/60000 (33%)]	Loss: 0.001876
2024-10-30 21:36:03.596 | INFO     | src.util.trainer:train:24 - Train Epoch: 88 [40960/60000 (67%)]	Loss: 0.001720
2024-10-30 21:36:04.913 | INFO     | src.util.trainer:train:28 - ====> Epoch: 88 Average loss: 0.0017
2024-10-30 21:36:05.074 | INFO     | src.util.trainer:train:24 - Train Epoch: 89 [0/60000 (0%)]	Loss: 0.001648
2024-10-30 21:36:06.633 | INFO     | src.util.trainer:train:24 - Train Epoch: 89 [20480/60000 (33%)]	Loss: 0.002189
2024-10-30 21:36:08.283 | INFO     | src.util.trainer:train:24 - Train Epoch: 89 [40960/60000 (67%)]	Loss: 0.001324
2024-10-30 21:36:09.607 | INFO     | src.util.trainer:train:28 - ====> Epoch: 89 Average loss: 0.0017
2024-10-30 21:36:09.769 | INFO     | src.util.trainer:train:24 - Train Epoch: 90 [0/60000 (0%)]	Loss: 0.001395
2024-10-30 21:36:11.347 | INFO     | src.util.trainer:train:24 - Train Epoch: 90 [20480/60000 (33%)]	Loss: 0.001459
2024-10-30 21:36:12.933 | INFO     | src.util.trainer:train:24 - Train Epoch: 90 [40960/60000 (67%)]	Loss: 0.001226
2024-10-30 21:36:14.317 | INFO     | src.util.trainer:train:28 - ====> Epoch: 90 Average loss: 0.0016
2024-10-30 21:36:14.480 | INFO     | src.util.trainer:train:24 - Train Epoch: 91 [0/60000 (0%)]	Loss: 0.001590
2024-10-30 21:36:16.064 | INFO     | src.util.trainer:train:24 - Train Epoch: 91 [20480/60000 (33%)]	Loss: 0.001689
2024-10-30 21:36:17.673 | INFO     | src.util.trainer:train:24 - Train Epoch: 91 [40960/60000 (67%)]	Loss: 0.001925
2024-10-30 21:36:19.019 | INFO     | src.util.trainer:train:28 - ====> Epoch: 91 Average loss: 0.0015
2024-10-30 21:36:19.181 | INFO     | src.util.trainer:train:24 - Train Epoch: 92 [0/60000 (0%)]	Loss: 0.001528
2024-10-30 21:36:20.836 | INFO     | src.util.trainer:train:24 - Train Epoch: 92 [20480/60000 (33%)]	Loss: 0.001458
2024-10-30 21:36:22.442 | INFO     | src.util.trainer:train:24 - Train Epoch: 92 [40960/60000 (67%)]	Loss: 0.001721
2024-10-30 21:36:23.792 | INFO     | src.util.trainer:train:28 - ====> Epoch: 92 Average loss: 0.0014
2024-10-30 21:36:23.956 | INFO     | src.util.trainer:train:24 - Train Epoch: 93 [0/60000 (0%)]	Loss: 0.000944
2024-10-30 21:36:25.534 | INFO     | src.util.trainer:train:24 - Train Epoch: 93 [20480/60000 (33%)]	Loss: 0.001268
2024-10-30 21:36:27.203 | INFO     | src.util.trainer:train:24 - Train Epoch: 93 [40960/60000 (67%)]	Loss: 0.001322
2024-10-30 21:36:28.540 | INFO     | src.util.trainer:train:28 - ====> Epoch: 93 Average loss: 0.0014
2024-10-30 21:36:28.716 | INFO     | src.util.trainer:train:24 - Train Epoch: 94 [0/60000 (0%)]	Loss: 0.001284
2024-10-30 21:36:30.339 | INFO     | src.util.trainer:train:24 - Train Epoch: 94 [20480/60000 (33%)]	Loss: 0.001150
2024-10-30 21:36:31.942 | INFO     | src.util.trainer:train:24 - Train Epoch: 94 [40960/60000 (67%)]	Loss: 0.001092
2024-10-30 21:36:33.352 | INFO     | src.util.trainer:train:28 - ====> Epoch: 94 Average loss: 0.0013
2024-10-30 21:36:33.520 | INFO     | src.util.trainer:train:24 - Train Epoch: 95 [0/60000 (0%)]	Loss: 0.000892
2024-10-30 21:36:35.120 | INFO     | src.util.trainer:train:24 - Train Epoch: 95 [20480/60000 (33%)]	Loss: 0.001329
2024-10-30 21:36:36.713 | INFO     | src.util.trainer:train:24 - Train Epoch: 95 [40960/60000 (67%)]	Loss: 0.001034
2024-10-30 21:36:38.057 | INFO     | src.util.trainer:train:28 - ====> Epoch: 95 Average loss: 0.0012
2024-10-30 21:36:38.296 | INFO     | src.util.trainer:train:24 - Train Epoch: 96 [0/60000 (0%)]	Loss: 0.001061
2024-10-30 21:36:40.047 | INFO     | src.util.trainer:train:24 - Train Epoch: 96 [20480/60000 (33%)]	Loss: 0.001165
2024-10-30 21:36:41.622 | INFO     | src.util.trainer:train:24 - Train Epoch: 96 [40960/60000 (67%)]	Loss: 0.001146
2024-10-30 21:36:42.949 | INFO     | src.util.trainer:train:28 - ====> Epoch: 96 Average loss: 0.0012
2024-10-30 21:36:43.111 | INFO     | src.util.trainer:train:24 - Train Epoch: 97 [0/60000 (0%)]	Loss: 0.001190
2024-10-30 21:36:44.702 | INFO     | src.util.trainer:train:24 - Train Epoch: 97 [20480/60000 (33%)]	Loss: 0.001043
2024-10-30 21:36:46.355 | INFO     | src.util.trainer:train:24 - Train Epoch: 97 [40960/60000 (67%)]	Loss: 0.000980
2024-10-30 21:36:47.683 | INFO     | src.util.trainer:train:28 - ====> Epoch: 97 Average loss: 0.0011
2024-10-30 21:36:47.847 | INFO     | src.util.trainer:train:24 - Train Epoch: 98 [0/60000 (0%)]	Loss: 0.001101
2024-10-30 21:36:49.443 | INFO     | src.util.trainer:train:24 - Train Epoch: 98 [20480/60000 (33%)]	Loss: 0.001310
2024-10-30 21:36:51.023 | INFO     | src.util.trainer:train:24 - Train Epoch: 98 [40960/60000 (67%)]	Loss: 0.001181
2024-10-30 21:36:52.417 | INFO     | src.util.trainer:train:28 - ====> Epoch: 98 Average loss: 0.0011
2024-10-30 21:36:52.580 | INFO     | src.util.trainer:train:24 - Train Epoch: 99 [0/60000 (0%)]	Loss: 0.001319
2024-10-30 21:36:54.176 | INFO     | src.util.trainer:train:24 - Train Epoch: 99 [20480/60000 (33%)]	Loss: 0.001012
2024-10-30 21:36:55.759 | INFO     | src.util.trainer:train:24 - Train Epoch: 99 [40960/60000 (67%)]	Loss: 0.001177
2024-10-30 21:36:57.089 | INFO     | src.util.trainer:train:28 - ====> Epoch: 99 Average loss: 0.0010
2024-10-30 21:36:57.089 | INFO     | src.util.trainer:test:31 - -- start testing --
2024-10-30 21:36:57.842 | INFO     | src.util.trainer:test:60 - ====> Test set: Average loss: 0.1121, Accuracy: 9758/10000 (97.58%) @ -1bit quantization
2024-10-30 21:36:57.844 | INFO     | __main__:main:62 - Model parameters saved!
2024-10-30 21:36:57.846 | INFO     | __main__:<module>:102 - Total time: 482.14 seconds
