2024-10-30 21:29:14.915 | INFO     | __main__:<module>:89 - args: Namespace(config='/home/yxueat/course@ust/elce6910c/hw2/Multi-View-Image-Classification/config/main.yml')
2024-10-30 21:29:14.918 | INFO     | __main__:<module>:95 - config:
{
    "base": {
        "seed": 42,
        "root_path": "/home/yxueat/course@ust/elce6910c/hw2/Multi-View-Image-Classification",
        "cuda_visible_devices": 2,
        "mode": "train_quant"
    },
    "model": {
        "name": "FourViewClassifier4MNIST"
    },
    "train": {
        "ckpt": "save/ckpt/model_params.pth",
        "qbit": 2,
        "epochs": 100,
        "lr": 0.001,
        "log_interval": 10
    },
    "eval": {
        "ckpt": "save/ckpt/model_params.pth",
        "qbit": 1
    },
    "dataset": {
        "dir": "dataset/mnist",
        "batch_size": 2048,
        "shuffle": true,
        "download": true
    },
    "quant": {
        "bit": 8
    }
}
2024-10-30 21:29:14.965 | INFO     | __main__:main:22 - device: cuda
2024-10-30 21:29:16.876 | INFO     | __main__:main:47 - Init the quantizer: fake_input forward ...
2024-10-30 21:29:18.018 | INFO     | src.util.trainer:train:8 - -- start training --
2024-10-30 21:29:18.200 | INFO     | src.util.trainer:train:24 - Train Epoch: 0 [0/60000 (0%)]	Loss: 2.347529
2024-10-30 21:29:19.806 | INFO     | src.util.trainer:train:24 - Train Epoch: 0 [20480/60000 (33%)]	Loss: 1.932179
2024-10-30 21:29:21.524 | INFO     | src.util.trainer:train:24 - Train Epoch: 0 [40960/60000 (67%)]	Loss: 1.512250
2024-10-30 21:29:22.900 | INFO     | src.util.trainer:train:28 - ====> Epoch: 0 Average loss: 1.7466
2024-10-30 21:29:23.071 | INFO     | src.util.trainer:train:24 - Train Epoch: 1 [0/60000 (0%)]	Loss: 1.129075
2024-10-30 21:29:24.793 | INFO     | src.util.trainer:train:24 - Train Epoch: 1 [20480/60000 (33%)]	Loss: 0.864108
2024-10-30 21:29:26.480 | INFO     | src.util.trainer:train:24 - Train Epoch: 1 [40960/60000 (67%)]	Loss: 0.621709
2024-10-30 21:29:27.913 | INFO     | src.util.trainer:train:28 - ====> Epoch: 1 Average loss: 0.7665
2024-10-30 21:29:28.179 | INFO     | src.util.trainer:train:24 - Train Epoch: 2 [0/60000 (0%)]	Loss: 0.527558
2024-10-30 21:29:29.918 | INFO     | src.util.trainer:train:24 - Train Epoch: 2 [20480/60000 (33%)]	Loss: 0.434637
2024-10-30 21:29:31.562 | INFO     | src.util.trainer:train:24 - Train Epoch: 2 [40960/60000 (67%)]	Loss: 0.352996
2024-10-30 21:29:33.018 | INFO     | src.util.trainer:train:28 - ====> Epoch: 2 Average loss: 0.4080
2024-10-30 21:29:33.188 | INFO     | src.util.trainer:train:24 - Train Epoch: 3 [0/60000 (0%)]	Loss: 0.326860
2024-10-30 21:29:34.781 | INFO     | src.util.trainer:train:24 - Train Epoch: 3 [20480/60000 (33%)]	Loss: 0.307517
2024-10-30 21:29:36.364 | INFO     | src.util.trainer:train:24 - Train Epoch: 3 [40960/60000 (67%)]	Loss: 0.254349
2024-10-30 21:29:37.735 | INFO     | src.util.trainer:train:28 - ====> Epoch: 3 Average loss: 0.2834
2024-10-30 21:29:37.915 | INFO     | src.util.trainer:train:24 - Train Epoch: 4 [0/60000 (0%)]	Loss: 0.233005
2024-10-30 21:29:39.631 | INFO     | src.util.trainer:train:24 - Train Epoch: 4 [20480/60000 (33%)]	Loss: 0.229025
2024-10-30 21:29:41.232 | INFO     | src.util.trainer:train:24 - Train Epoch: 4 [40960/60000 (67%)]	Loss: 0.225821
2024-10-30 21:29:42.594 | INFO     | src.util.trainer:train:28 - ====> Epoch: 4 Average loss: 0.2286
2024-10-30 21:29:42.783 | INFO     | src.util.trainer:train:24 - Train Epoch: 5 [0/60000 (0%)]	Loss: 0.219584
2024-10-30 21:29:44.416 | INFO     | src.util.trainer:train:24 - Train Epoch: 5 [20480/60000 (33%)]	Loss: 0.206901
2024-10-30 21:29:46.139 | INFO     | src.util.trainer:train:24 - Train Epoch: 5 [40960/60000 (67%)]	Loss: 0.192817
2024-10-30 21:29:47.483 | INFO     | src.util.trainer:train:28 - ====> Epoch: 5 Average loss: 0.1930
2024-10-30 21:29:47.719 | INFO     | src.util.trainer:train:24 - Train Epoch: 6 [0/60000 (0%)]	Loss: 0.160817
2024-10-30 21:29:49.375 | INFO     | src.util.trainer:train:24 - Train Epoch: 6 [20480/60000 (33%)]	Loss: 0.175048
2024-10-30 21:29:50.953 | INFO     | src.util.trainer:train:24 - Train Epoch: 6 [40960/60000 (67%)]	Loss: 0.139581
2024-10-30 21:29:52.390 | INFO     | src.util.trainer:train:28 - ====> Epoch: 6 Average loss: 0.1691
2024-10-30 21:29:52.561 | INFO     | src.util.trainer:train:24 - Train Epoch: 7 [0/60000 (0%)]	Loss: 0.149940
2024-10-30 21:29:54.352 | INFO     | src.util.trainer:train:24 - Train Epoch: 7 [20480/60000 (33%)]	Loss: 0.141085
2024-10-30 21:29:55.946 | INFO     | src.util.trainer:train:24 - Train Epoch: 7 [40960/60000 (67%)]	Loss: 0.141263
2024-10-30 21:29:57.333 | INFO     | src.util.trainer:train:28 - ====> Epoch: 7 Average loss: 0.1505
2024-10-30 21:29:57.506 | INFO     | src.util.trainer:train:24 - Train Epoch: 8 [0/60000 (0%)]	Loss: 0.145776
2024-10-30 21:29:59.260 | INFO     | src.util.trainer:train:24 - Train Epoch: 8 [20480/60000 (33%)]	Loss: 0.137443
2024-10-30 21:30:00.867 | INFO     | src.util.trainer:train:24 - Train Epoch: 8 [40960/60000 (67%)]	Loss: 0.142154
2024-10-30 21:30:02.206 | INFO     | src.util.trainer:train:28 - ====> Epoch: 8 Average loss: 0.1374
2024-10-30 21:30:02.375 | INFO     | src.util.trainer:train:24 - Train Epoch: 9 [0/60000 (0%)]	Loss: 0.117354
2024-10-30 21:30:03.991 | INFO     | src.util.trainer:train:24 - Train Epoch: 9 [20480/60000 (33%)]	Loss: 0.138826
2024-10-30 21:30:05.798 | INFO     | src.util.trainer:train:24 - Train Epoch: 9 [40960/60000 (67%)]	Loss: 0.133228
2024-10-30 21:30:07.147 | INFO     | src.util.trainer:train:28 - ====> Epoch: 9 Average loss: 0.1268
2024-10-30 21:30:07.420 | INFO     | src.util.trainer:train:24 - Train Epoch: 10 [0/60000 (0%)]	Loss: 0.133359
2024-10-30 21:30:09.049 | INFO     | src.util.trainer:train:24 - Train Epoch: 10 [20480/60000 (33%)]	Loss: 0.106417
2024-10-30 21:30:10.670 | INFO     | src.util.trainer:train:24 - Train Epoch: 10 [40960/60000 (67%)]	Loss: 0.115879
2024-10-30 21:30:12.093 | INFO     | src.util.trainer:train:28 - ====> Epoch: 10 Average loss: 0.1154
2024-10-30 21:30:12.262 | INFO     | src.util.trainer:train:24 - Train Epoch: 11 [0/60000 (0%)]	Loss: 0.102883
2024-10-30 21:30:13.887 | INFO     | src.util.trainer:train:24 - Train Epoch: 11 [20480/60000 (33%)]	Loss: 0.085354
2024-10-30 21:30:15.491 | INFO     | src.util.trainer:train:24 - Train Epoch: 11 [40960/60000 (67%)]	Loss: 0.130970
2024-10-30 21:30:16.924 | INFO     | src.util.trainer:train:28 - ====> Epoch: 11 Average loss: 0.1071
2024-10-30 21:30:17.100 | INFO     | src.util.trainer:train:24 - Train Epoch: 12 [0/60000 (0%)]	Loss: 0.096493
2024-10-30 21:30:18.809 | INFO     | src.util.trainer:train:24 - Train Epoch: 12 [20480/60000 (33%)]	Loss: 0.094241
2024-10-30 21:30:20.431 | INFO     | src.util.trainer:train:24 - Train Epoch: 12 [40960/60000 (67%)]	Loss: 0.107403
2024-10-30 21:30:21.812 | INFO     | src.util.trainer:train:28 - ====> Epoch: 12 Average loss: 0.1009
2024-10-30 21:30:21.993 | INFO     | src.util.trainer:train:24 - Train Epoch: 13 [0/60000 (0%)]	Loss: 0.094222
2024-10-30 21:30:23.583 | INFO     | src.util.trainer:train:24 - Train Epoch: 13 [20480/60000 (33%)]	Loss: 0.088153
2024-10-30 21:30:25.304 | INFO     | src.util.trainer:train:24 - Train Epoch: 13 [40960/60000 (67%)]	Loss: 0.078753
2024-10-30 21:30:26.752 | INFO     | src.util.trainer:train:28 - ====> Epoch: 13 Average loss: 0.0932
2024-10-30 21:30:26.917 | INFO     | src.util.trainer:train:24 - Train Epoch: 14 [0/60000 (0%)]	Loss: 0.096910
2024-10-30 21:30:28.505 | INFO     | src.util.trainer:train:24 - Train Epoch: 14 [20480/60000 (33%)]	Loss: 0.078841
2024-10-30 21:30:30.088 | INFO     | src.util.trainer:train:24 - Train Epoch: 14 [40960/60000 (67%)]	Loss: 0.089467
2024-10-30 21:30:31.519 | INFO     | src.util.trainer:train:28 - ====> Epoch: 14 Average loss: 0.0863
2024-10-30 21:30:31.686 | INFO     | src.util.trainer:train:24 - Train Epoch: 15 [0/60000 (0%)]	Loss: 0.075637
2024-10-30 21:30:33.328 | INFO     | src.util.trainer:train:24 - Train Epoch: 15 [20480/60000 (33%)]	Loss: 0.089318
2024-10-30 21:30:34.933 | INFO     | src.util.trainer:train:24 - Train Epoch: 15 [40960/60000 (67%)]	Loss: 0.100795
2024-10-30 21:30:36.274 | INFO     | src.util.trainer:train:28 - ====> Epoch: 15 Average loss: 0.0830
2024-10-30 21:30:36.489 | INFO     | src.util.trainer:train:24 - Train Epoch: 16 [0/60000 (0%)]	Loss: 0.087000
2024-10-30 21:30:38.235 | INFO     | src.util.trainer:train:24 - Train Epoch: 16 [20480/60000 (33%)]	Loss: 0.096190
2024-10-30 21:30:39.828 | INFO     | src.util.trainer:train:24 - Train Epoch: 16 [40960/60000 (67%)]	Loss: 0.071990
2024-10-30 21:30:41.180 | INFO     | src.util.trainer:train:28 - ====> Epoch: 16 Average loss: 0.0773
2024-10-30 21:30:41.384 | INFO     | src.util.trainer:train:24 - Train Epoch: 17 [0/60000 (0%)]	Loss: 0.075664
2024-10-30 21:30:43.048 | INFO     | src.util.trainer:train:24 - Train Epoch: 17 [20480/60000 (33%)]	Loss: 0.081531
2024-10-30 21:30:44.931 | INFO     | src.util.trainer:train:24 - Train Epoch: 17 [40960/60000 (67%)]	Loss: 0.068950
2024-10-30 21:30:46.256 | INFO     | src.util.trainer:train:28 - ====> Epoch: 17 Average loss: 0.0739
2024-10-30 21:30:46.425 | INFO     | src.util.trainer:train:24 - Train Epoch: 18 [0/60000 (0%)]	Loss: 0.067435
2024-10-30 21:30:48.023 | INFO     | src.util.trainer:train:24 - Train Epoch: 18 [20480/60000 (33%)]	Loss: 0.070496
2024-10-30 21:30:49.622 | INFO     | src.util.trainer:train:24 - Train Epoch: 18 [40960/60000 (67%)]	Loss: 0.061761
2024-10-30 21:30:51.053 | INFO     | src.util.trainer:train:28 - ====> Epoch: 18 Average loss: 0.0698
2024-10-30 21:30:51.229 | INFO     | src.util.trainer:train:24 - Train Epoch: 19 [0/60000 (0%)]	Loss: 0.047405
2024-10-30 21:30:52.850 | INFO     | src.util.trainer:train:24 - Train Epoch: 19 [20480/60000 (33%)]	Loss: 0.066921
2024-10-30 21:30:54.460 | INFO     | src.util.trainer:train:24 - Train Epoch: 19 [40960/60000 (67%)]	Loss: 0.070470
2024-10-30 21:30:55.826 | INFO     | src.util.trainer:train:28 - ====> Epoch: 19 Average loss: 0.0661
2024-10-30 21:30:56.087 | INFO     | src.util.trainer:train:24 - Train Epoch: 20 [0/60000 (0%)]	Loss: 0.066883
2024-10-30 21:30:57.874 | INFO     | src.util.trainer:train:24 - Train Epoch: 20 [20480/60000 (33%)]	Loss: 0.067588
2024-10-30 21:30:59.438 | INFO     | src.util.trainer:train:24 - Train Epoch: 20 [40960/60000 (67%)]	Loss: 0.058682
2024-10-30 21:31:00.748 | INFO     | src.util.trainer:train:28 - ====> Epoch: 20 Average loss: 0.0633
2024-10-30 21:31:00.912 | INFO     | src.util.trainer:train:24 - Train Epoch: 21 [0/60000 (0%)]	Loss: 0.060133
2024-10-30 21:31:02.478 | INFO     | src.util.trainer:train:24 - Train Epoch: 21 [20480/60000 (33%)]	Loss: 0.053434
2024-10-30 21:31:04.119 | INFO     | src.util.trainer:train:24 - Train Epoch: 21 [40960/60000 (67%)]	Loss: 0.071607
2024-10-30 21:31:05.428 | INFO     | src.util.trainer:train:28 - ====> Epoch: 21 Average loss: 0.0595
2024-10-30 21:31:05.592 | INFO     | src.util.trainer:train:24 - Train Epoch: 22 [0/60000 (0%)]	Loss: 0.066582
2024-10-30 21:31:07.226 | INFO     | src.util.trainer:train:24 - Train Epoch: 22 [20480/60000 (33%)]	Loss: 0.043425
2024-10-30 21:31:08.839 | INFO     | src.util.trainer:train:24 - Train Epoch: 22 [40960/60000 (67%)]	Loss: 0.056152
2024-10-30 21:31:10.275 | INFO     | src.util.trainer:train:28 - ====> Epoch: 22 Average loss: 0.0565
2024-10-30 21:31:10.521 | INFO     | src.util.trainer:train:24 - Train Epoch: 23 [0/60000 (0%)]	Loss: 0.051957
2024-10-30 21:31:12.116 | INFO     | src.util.trainer:train:24 - Train Epoch: 23 [20480/60000 (33%)]	Loss: 0.062637
2024-10-30 21:31:13.704 | INFO     | src.util.trainer:train:24 - Train Epoch: 23 [40960/60000 (67%)]	Loss: 0.053530
2024-10-30 21:31:15.069 | INFO     | src.util.trainer:train:28 - ====> Epoch: 23 Average loss: 0.0537
2024-10-30 21:31:15.289 | INFO     | src.util.trainer:train:24 - Train Epoch: 24 [0/60000 (0%)]	Loss: 0.047476
2024-10-30 21:31:17.031 | INFO     | src.util.trainer:train:24 - Train Epoch: 24 [20480/60000 (33%)]	Loss: 0.050260
2024-10-30 21:31:18.671 | INFO     | src.util.trainer:train:24 - Train Epoch: 24 [40960/60000 (67%)]	Loss: 0.049527
2024-10-30 21:31:20.005 | INFO     | src.util.trainer:train:28 - ====> Epoch: 24 Average loss: 0.0506
2024-10-30 21:31:20.175 | INFO     | src.util.trainer:train:24 - Train Epoch: 25 [0/60000 (0%)]	Loss: 0.049034
2024-10-30 21:31:21.787 | INFO     | src.util.trainer:train:24 - Train Epoch: 25 [20480/60000 (33%)]	Loss: 0.046097
2024-10-30 21:31:23.489 | INFO     | src.util.trainer:train:24 - Train Epoch: 25 [40960/60000 (67%)]	Loss: 0.050279
2024-10-30 21:31:24.850 | INFO     | src.util.trainer:train:28 - ====> Epoch: 25 Average loss: 0.0496
2024-10-30 21:31:25.017 | INFO     | src.util.trainer:train:24 - Train Epoch: 26 [0/60000 (0%)]	Loss: 0.041578
2024-10-30 21:31:26.596 | INFO     | src.util.trainer:train:24 - Train Epoch: 26 [20480/60000 (33%)]	Loss: 0.053133
2024-10-30 21:31:28.177 | INFO     | src.util.trainer:train:24 - Train Epoch: 26 [40960/60000 (67%)]	Loss: 0.057926
2024-10-30 21:31:29.579 | INFO     | src.util.trainer:train:28 - ====> Epoch: 26 Average loss: 0.0462
2024-10-30 21:31:29.744 | INFO     | src.util.trainer:train:24 - Train Epoch: 27 [0/60000 (0%)]	Loss: 0.040302
2024-10-30 21:31:31.352 | INFO     | src.util.trainer:train:24 - Train Epoch: 27 [20480/60000 (33%)]	Loss: 0.044698
2024-10-30 21:31:33.144 | INFO     | src.util.trainer:train:24 - Train Epoch: 27 [40960/60000 (67%)]	Loss: 0.040149
2024-10-30 21:31:34.486 | INFO     | src.util.trainer:train:28 - ====> Epoch: 27 Average loss: 0.0440
2024-10-30 21:31:34.656 | INFO     | src.util.trainer:train:24 - Train Epoch: 28 [0/60000 (0%)]	Loss: 0.042848
2024-10-30 21:31:36.343 | INFO     | src.util.trainer:train:24 - Train Epoch: 28 [20480/60000 (33%)]	Loss: 0.040163
2024-10-30 21:31:37.935 | INFO     | src.util.trainer:train:24 - Train Epoch: 28 [40960/60000 (67%)]	Loss: 0.045594
2024-10-30 21:31:39.261 | INFO     | src.util.trainer:train:28 - ====> Epoch: 28 Average loss: 0.0423
2024-10-30 21:31:39.433 | INFO     | src.util.trainer:train:24 - Train Epoch: 29 [0/60000 (0%)]	Loss: 0.039490
2024-10-30 21:31:41.072 | INFO     | src.util.trainer:train:24 - Train Epoch: 29 [20480/60000 (33%)]	Loss: 0.033081
2024-10-30 21:31:42.814 | INFO     | src.util.trainer:train:24 - Train Epoch: 29 [40960/60000 (67%)]	Loss: 0.051743
2024-10-30 21:31:44.141 | INFO     | src.util.trainer:train:28 - ====> Epoch: 29 Average loss: 0.0413
2024-10-30 21:31:44.341 | INFO     | src.util.trainer:train:24 - Train Epoch: 30 [0/60000 (0%)]	Loss: 0.034777
2024-10-30 21:31:45.928 | INFO     | src.util.trainer:train:24 - Train Epoch: 30 [20480/60000 (33%)]	Loss: 0.044117
2024-10-30 21:31:47.516 | INFO     | src.util.trainer:train:24 - Train Epoch: 30 [40960/60000 (67%)]	Loss: 0.034525
2024-10-30 21:31:48.923 | INFO     | src.util.trainer:train:28 - ====> Epoch: 30 Average loss: 0.0394
2024-10-30 21:31:49.094 | INFO     | src.util.trainer:train:24 - Train Epoch: 31 [0/60000 (0%)]	Loss: 0.044437
2024-10-30 21:31:50.735 | INFO     | src.util.trainer:train:24 - Train Epoch: 31 [20480/60000 (33%)]	Loss: 0.031950
2024-10-30 21:31:52.319 | INFO     | src.util.trainer:train:24 - Train Epoch: 31 [40960/60000 (67%)]	Loss: 0.035034
2024-10-30 21:31:53.672 | INFO     | src.util.trainer:train:28 - ====> Epoch: 31 Average loss: 0.0385
2024-10-30 21:31:53.848 | INFO     | src.util.trainer:train:24 - Train Epoch: 32 [0/60000 (0%)]	Loss: 0.032977
2024-10-30 21:31:55.522 | INFO     | src.util.trainer:train:24 - Train Epoch: 32 [20480/60000 (33%)]	Loss: 0.029372
2024-10-30 21:31:57.117 | INFO     | src.util.trainer:train:24 - Train Epoch: 32 [40960/60000 (67%)]	Loss: 0.037876
2024-10-30 21:31:58.452 | INFO     | src.util.trainer:train:28 - ====> Epoch: 32 Average loss: 0.0354
2024-10-30 21:31:58.629 | INFO     | src.util.trainer:train:24 - Train Epoch: 33 [0/60000 (0%)]	Loss: 0.029957
2024-10-30 21:32:00.253 | INFO     | src.util.trainer:train:24 - Train Epoch: 33 [20480/60000 (33%)]	Loss: 0.037854
2024-10-30 21:32:01.942 | INFO     | src.util.trainer:train:24 - Train Epoch: 33 [40960/60000 (67%)]	Loss: 0.034083
2024-10-30 21:32:03.267 | INFO     | src.util.trainer:train:28 - ====> Epoch: 33 Average loss: 0.0349
2024-10-30 21:32:03.439 | INFO     | src.util.trainer:train:24 - Train Epoch: 34 [0/60000 (0%)]	Loss: 0.024471
2024-10-30 21:32:05.016 | INFO     | src.util.trainer:train:24 - Train Epoch: 34 [20480/60000 (33%)]	Loss: 0.041641
2024-10-30 21:32:06.626 | INFO     | src.util.trainer:train:24 - Train Epoch: 34 [40960/60000 (67%)]	Loss: 0.031115
2024-10-30 21:32:08.031 | INFO     | src.util.trainer:train:28 - ====> Epoch: 34 Average loss: 0.0322
2024-10-30 21:32:08.206 | INFO     | src.util.trainer:train:24 - Train Epoch: 35 [0/60000 (0%)]	Loss: 0.021592
2024-10-30 21:32:09.989 | INFO     | src.util.trainer:train:24 - Train Epoch: 35 [20480/60000 (33%)]	Loss: 0.036190
2024-10-30 21:32:11.641 | INFO     | src.util.trainer:train:24 - Train Epoch: 35 [40960/60000 (67%)]	Loss: 0.027433
2024-10-30 21:32:12.974 | INFO     | src.util.trainer:train:28 - ====> Epoch: 35 Average loss: 0.0306
2024-10-30 21:32:13.143 | INFO     | src.util.trainer:train:24 - Train Epoch: 36 [0/60000 (0%)]	Loss: 0.021405
2024-10-30 21:32:14.821 | INFO     | src.util.trainer:train:24 - Train Epoch: 36 [20480/60000 (33%)]	Loss: 0.032637
2024-10-30 21:32:16.439 | INFO     | src.util.trainer:train:24 - Train Epoch: 36 [40960/60000 (67%)]	Loss: 0.032098
2024-10-30 21:32:17.759 | INFO     | src.util.trainer:train:28 - ====> Epoch: 36 Average loss: 0.0293
2024-10-30 21:32:17.923 | INFO     | src.util.trainer:train:24 - Train Epoch: 37 [0/60000 (0%)]	Loss: 0.024481
2024-10-30 21:32:19.512 | INFO     | src.util.trainer:train:24 - Train Epoch: 37 [20480/60000 (33%)]	Loss: 0.024463
2024-10-30 21:32:21.246 | INFO     | src.util.trainer:train:24 - Train Epoch: 37 [40960/60000 (67%)]	Loss: 0.035143
2024-10-30 21:32:22.641 | INFO     | src.util.trainer:train:28 - ====> Epoch: 37 Average loss: 0.0288
2024-10-30 21:32:22.876 | INFO     | src.util.trainer:train:24 - Train Epoch: 38 [0/60000 (0%)]	Loss: 0.023885
2024-10-30 21:32:24.447 | INFO     | src.util.trainer:train:24 - Train Epoch: 38 [20480/60000 (33%)]	Loss: 0.020386
2024-10-30 21:32:26.026 | INFO     | src.util.trainer:train:24 - Train Epoch: 38 [40960/60000 (67%)]	Loss: 0.030709
2024-10-30 21:32:27.443 | INFO     | src.util.trainer:train:28 - ====> Epoch: 38 Average loss: 0.0285
2024-10-30 21:32:27.611 | INFO     | src.util.trainer:train:24 - Train Epoch: 39 [0/60000 (0%)]	Loss: 0.019801
2024-10-30 21:32:29.238 | INFO     | src.util.trainer:train:24 - Train Epoch: 39 [20480/60000 (33%)]	Loss: 0.021484
2024-10-30 21:32:30.823 | INFO     | src.util.trainer:train:24 - Train Epoch: 39 [40960/60000 (67%)]	Loss: 0.024207
2024-10-30 21:32:32.155 | INFO     | src.util.trainer:train:28 - ====> Epoch: 39 Average loss: 0.0261
2024-10-30 21:32:32.323 | INFO     | src.util.trainer:train:24 - Train Epoch: 40 [0/60000 (0%)]	Loss: 0.022084
2024-10-30 21:32:34.023 | INFO     | src.util.trainer:train:24 - Train Epoch: 40 [20480/60000 (33%)]	Loss: 0.021935
2024-10-30 21:32:35.638 | INFO     | src.util.trainer:train:24 - Train Epoch: 40 [40960/60000 (67%)]	Loss: 0.028633
2024-10-30 21:32:36.988 | INFO     | src.util.trainer:train:28 - ====> Epoch: 40 Average loss: 0.0261
2024-10-30 21:32:37.208 | INFO     | src.util.trainer:train:24 - Train Epoch: 41 [0/60000 (0%)]	Loss: 0.025934
2024-10-30 21:32:38.786 | INFO     | src.util.trainer:train:24 - Train Epoch: 41 [20480/60000 (33%)]	Loss: 0.026060
2024-10-30 21:32:40.455 | INFO     | src.util.trainer:train:24 - Train Epoch: 41 [40960/60000 (67%)]	Loss: 0.029941
2024-10-30 21:32:41.799 | INFO     | src.util.trainer:train:28 - ====> Epoch: 41 Average loss: 0.0231
2024-10-30 21:32:41.972 | INFO     | src.util.trainer:train:24 - Train Epoch: 42 [0/60000 (0%)]	Loss: 0.022197
2024-10-30 21:32:43.549 | INFO     | src.util.trainer:train:24 - Train Epoch: 42 [20480/60000 (33%)]	Loss: 0.024147
2024-10-30 21:32:45.128 | INFO     | src.util.trainer:train:24 - Train Epoch: 42 [40960/60000 (67%)]	Loss: 0.023504
2024-10-30 21:32:46.565 | INFO     | src.util.trainer:train:28 - ====> Epoch: 42 Average loss: 0.0239
2024-10-30 21:32:46.739 | INFO     | src.util.trainer:train:24 - Train Epoch: 43 [0/60000 (0%)]	Loss: 0.019068
2024-10-30 21:32:48.373 | INFO     | src.util.trainer:train:24 - Train Epoch: 43 [20480/60000 (33%)]	Loss: 0.018759
2024-10-30 21:32:49.958 | INFO     | src.util.trainer:train:24 - Train Epoch: 43 [40960/60000 (67%)]	Loss: 0.019334
2024-10-30 21:32:51.296 | INFO     | src.util.trainer:train:28 - ====> Epoch: 43 Average loss: 0.0213
2024-10-30 21:32:51.464 | INFO     | src.util.trainer:train:24 - Train Epoch: 44 [0/60000 (0%)]	Loss: 0.019102
2024-10-30 21:32:53.131 | INFO     | src.util.trainer:train:24 - Train Epoch: 44 [20480/60000 (33%)]	Loss: 0.022358
2024-10-30 21:32:54.721 | INFO     | src.util.trainer:train:24 - Train Epoch: 44 [40960/60000 (67%)]	Loss: 0.017584
2024-10-30 21:32:56.220 | INFO     | src.util.trainer:train:28 - ====> Epoch: 44 Average loss: 0.0207
2024-10-30 21:32:56.384 | INFO     | src.util.trainer:train:24 - Train Epoch: 45 [0/60000 (0%)]	Loss: 0.020503
2024-10-30 21:32:57.993 | INFO     | src.util.trainer:train:24 - Train Epoch: 45 [20480/60000 (33%)]	Loss: 0.018414
2024-10-30 21:32:59.684 | INFO     | src.util.trainer:train:24 - Train Epoch: 45 [40960/60000 (67%)]	Loss: 0.015832
2024-10-30 21:33:01.014 | INFO     | src.util.trainer:train:28 - ====> Epoch: 45 Average loss: 0.0198
2024-10-30 21:33:01.181 | INFO     | src.util.trainer:train:24 - Train Epoch: 46 [0/60000 (0%)]	Loss: 0.019494
2024-10-30 21:33:02.747 | INFO     | src.util.trainer:train:24 - Train Epoch: 46 [20480/60000 (33%)]	Loss: 0.024646
2024-10-30 21:33:04.324 | INFO     | src.util.trainer:train:24 - Train Epoch: 46 [40960/60000 (67%)]	Loss: 0.025397
2024-10-30 21:33:05.716 | INFO     | src.util.trainer:train:28 - ====> Epoch: 46 Average loss: 0.0188
2024-10-30 21:33:05.881 | INFO     | src.util.trainer:train:24 - Train Epoch: 47 [0/60000 (0%)]	Loss: 0.016043
2024-10-30 21:33:07.485 | INFO     | src.util.trainer:train:24 - Train Epoch: 47 [20480/60000 (33%)]	Loss: 0.015507
2024-10-30 21:33:09.090 | INFO     | src.util.trainer:train:24 - Train Epoch: 47 [40960/60000 (67%)]	Loss: 0.014690
2024-10-30 21:33:10.445 | INFO     | src.util.trainer:train:28 - ====> Epoch: 47 Average loss: 0.0176
2024-10-30 21:33:10.615 | INFO     | src.util.trainer:train:24 - Train Epoch: 48 [0/60000 (0%)]	Loss: 0.018599
2024-10-30 21:33:12.299 | INFO     | src.util.trainer:train:24 - Train Epoch: 48 [20480/60000 (33%)]	Loss: 0.015116
2024-10-30 21:33:13.891 | INFO     | src.util.trainer:train:24 - Train Epoch: 48 [40960/60000 (67%)]	Loss: 0.014883
2024-10-30 21:33:15.224 | INFO     | src.util.trainer:train:28 - ====> Epoch: 48 Average loss: 0.0172
2024-10-30 21:33:15.395 | INFO     | src.util.trainer:train:24 - Train Epoch: 49 [0/60000 (0%)]	Loss: 0.014542
2024-10-30 21:33:16.980 | INFO     | src.util.trainer:train:24 - Train Epoch: 49 [20480/60000 (33%)]	Loss: 0.012408
2024-10-30 21:33:18.664 | INFO     | src.util.trainer:train:24 - Train Epoch: 49 [40960/60000 (67%)]	Loss: 0.016954
2024-10-30 21:33:20.017 | INFO     | src.util.trainer:train:28 - ====> Epoch: 49 Average loss: 0.0163
2024-10-30 21:33:20.185 | INFO     | src.util.trainer:train:24 - Train Epoch: 50 [0/60000 (0%)]	Loss: 0.015512
2024-10-30 21:33:21.763 | INFO     | src.util.trainer:train:24 - Train Epoch: 50 [20480/60000 (33%)]	Loss: 0.023356
2024-10-30 21:33:23.336 | INFO     | src.util.trainer:train:24 - Train Epoch: 50 [40960/60000 (67%)]	Loss: 0.018178
2024-10-30 21:33:24.742 | INFO     | src.util.trainer:train:28 - ====> Epoch: 50 Average loss: 0.0161
2024-10-30 21:33:24.903 | INFO     | src.util.trainer:train:24 - Train Epoch: 51 [0/60000 (0%)]	Loss: 0.009341
2024-10-30 21:33:26.472 | INFO     | src.util.trainer:train:24 - Train Epoch: 51 [20480/60000 (33%)]	Loss: 0.010000
2024-10-30 21:33:28.050 | INFO     | src.util.trainer:train:24 - Train Epoch: 51 [40960/60000 (67%)]	Loss: 0.013100
2024-10-30 21:33:29.373 | INFO     | src.util.trainer:train:28 - ====> Epoch: 51 Average loss: 0.0152
2024-10-30 21:33:29.539 | INFO     | src.util.trainer:train:24 - Train Epoch: 52 [0/60000 (0%)]	Loss: 0.014089
2024-10-30 21:33:31.193 | INFO     | src.util.trainer:train:24 - Train Epoch: 52 [20480/60000 (33%)]	Loss: 0.012212
2024-10-30 21:33:32.762 | INFO     | src.util.trainer:train:24 - Train Epoch: 52 [40960/60000 (67%)]	Loss: 0.012568
2024-10-30 21:33:34.075 | INFO     | src.util.trainer:train:28 - ====> Epoch: 52 Average loss: 0.0149
2024-10-30 21:33:34.243 | INFO     | src.util.trainer:train:24 - Train Epoch: 53 [0/60000 (0%)]	Loss: 0.015077
2024-10-30 21:33:35.989 | INFO     | src.util.trainer:train:24 - Train Epoch: 53 [20480/60000 (33%)]	Loss: 0.011432
2024-10-30 21:33:37.693 | INFO     | src.util.trainer:train:24 - Train Epoch: 53 [40960/60000 (67%)]	Loss: 0.019940
2024-10-30 21:33:39.023 | INFO     | src.util.trainer:train:28 - ====> Epoch: 53 Average loss: 0.0134
2024-10-30 21:33:39.191 | INFO     | src.util.trainer:train:24 - Train Epoch: 54 [0/60000 (0%)]	Loss: 0.011831
2024-10-30 21:33:40.791 | INFO     | src.util.trainer:train:24 - Train Epoch: 54 [20480/60000 (33%)]	Loss: 0.010698
2024-10-30 21:33:42.419 | INFO     | src.util.trainer:train:24 - Train Epoch: 54 [40960/60000 (67%)]	Loss: 0.014752
2024-10-30 21:33:43.863 | INFO     | src.util.trainer:train:28 - ====> Epoch: 54 Average loss: 0.0126
2024-10-30 21:33:44.024 | INFO     | src.util.trainer:train:24 - Train Epoch: 55 [0/60000 (0%)]	Loss: 0.010648
2024-10-30 21:33:45.601 | INFO     | src.util.trainer:train:24 - Train Epoch: 55 [20480/60000 (33%)]	Loss: 0.012074
2024-10-30 21:33:47.200 | INFO     | src.util.trainer:train:24 - Train Epoch: 55 [40960/60000 (67%)]	Loss: 0.013433
2024-10-30 21:33:48.540 | INFO     | src.util.trainer:train:28 - ====> Epoch: 55 Average loss: 0.0119
2024-10-30 21:33:48.739 | INFO     | src.util.trainer:train:24 - Train Epoch: 56 [0/60000 (0%)]	Loss: 0.010476
2024-10-30 21:33:50.418 | INFO     | src.util.trainer:train:24 - Train Epoch: 56 [20480/60000 (33%)]	Loss: 0.014969
2024-10-30 21:33:52.018 | INFO     | src.util.trainer:train:24 - Train Epoch: 56 [40960/60000 (67%)]	Loss: 0.008365
2024-10-30 21:33:53.356 | INFO     | src.util.trainer:train:28 - ====> Epoch: 56 Average loss: 0.0118
2024-10-30 21:33:53.536 | INFO     | src.util.trainer:train:24 - Train Epoch: 57 [0/60000 (0%)]	Loss: 0.008394
2024-10-30 21:33:55.179 | INFO     | src.util.trainer:train:24 - Train Epoch: 57 [20480/60000 (33%)]	Loss: 0.011685
2024-10-30 21:33:56.868 | INFO     | src.util.trainer:train:24 - Train Epoch: 57 [40960/60000 (67%)]	Loss: 0.011320
2024-10-30 21:33:58.200 | INFO     | src.util.trainer:train:28 - ====> Epoch: 57 Average loss: 0.0112
2024-10-30 21:33:58.376 | INFO     | src.util.trainer:train:24 - Train Epoch: 58 [0/60000 (0%)]	Loss: 0.019991
2024-10-30 21:33:59.984 | INFO     | src.util.trainer:train:24 - Train Epoch: 58 [20480/60000 (33%)]	Loss: 0.009300
2024-10-30 21:34:01.586 | INFO     | src.util.trainer:train:24 - Train Epoch: 58 [40960/60000 (67%)]	Loss: 0.011053
2024-10-30 21:34:03.012 | INFO     | src.util.trainer:train:28 - ====> Epoch: 58 Average loss: 0.0103
2024-10-30 21:34:03.184 | INFO     | src.util.trainer:train:24 - Train Epoch: 59 [0/60000 (0%)]	Loss: 0.007375
2024-10-30 21:34:04.799 | INFO     | src.util.trainer:train:24 - Train Epoch: 59 [20480/60000 (33%)]	Loss: 0.011716
2024-10-30 21:34:06.424 | INFO     | src.util.trainer:train:24 - Train Epoch: 59 [40960/60000 (67%)]	Loss: 0.009726
2024-10-30 21:34:07.763 | INFO     | src.util.trainer:train:28 - ====> Epoch: 59 Average loss: 0.0102
2024-10-30 21:34:07.933 | INFO     | src.util.trainer:train:24 - Train Epoch: 60 [0/60000 (0%)]	Loss: 0.007442
2024-10-30 21:34:09.640 | INFO     | src.util.trainer:train:24 - Train Epoch: 60 [20480/60000 (33%)]	Loss: 0.006795
2024-10-30 21:34:11.233 | INFO     | src.util.trainer:train:24 - Train Epoch: 60 [40960/60000 (67%)]	Loss: 0.008639
2024-10-30 21:34:12.570 | INFO     | src.util.trainer:train:28 - ====> Epoch: 60 Average loss: 0.0093
2024-10-30 21:34:12.736 | INFO     | src.util.trainer:train:24 - Train Epoch: 61 [0/60000 (0%)]	Loss: 0.010433
2024-10-30 21:34:14.326 | INFO     | src.util.trainer:train:24 - Train Epoch: 61 [20480/60000 (33%)]	Loss: 0.009515
2024-10-30 21:34:16.001 | INFO     | src.util.trainer:train:24 - Train Epoch: 61 [40960/60000 (67%)]	Loss: 0.008348
2024-10-30 21:34:17.369 | INFO     | src.util.trainer:train:28 - ====> Epoch: 61 Average loss: 0.0091
2024-10-30 21:34:17.540 | INFO     | src.util.trainer:train:24 - Train Epoch: 62 [0/60000 (0%)]	Loss: 0.011226
2024-10-30 21:34:19.154 | INFO     | src.util.trainer:train:24 - Train Epoch: 62 [20480/60000 (33%)]	Loss: 0.005981
2024-10-30 21:34:20.743 | INFO     | src.util.trainer:train:24 - Train Epoch: 62 [40960/60000 (67%)]	Loss: 0.008760
2024-10-30 21:34:22.157 | INFO     | src.util.trainer:train:28 - ====> Epoch: 62 Average loss: 0.0083
2024-10-30 21:34:22.334 | INFO     | src.util.trainer:train:24 - Train Epoch: 63 [0/60000 (0%)]	Loss: 0.006404
2024-10-30 21:34:24.014 | INFO     | src.util.trainer:train:24 - Train Epoch: 63 [20480/60000 (33%)]	Loss: 0.008834
2024-10-30 21:34:25.634 | INFO     | src.util.trainer:train:24 - Train Epoch: 63 [40960/60000 (67%)]	Loss: 0.008207
2024-10-30 21:34:26.970 | INFO     | src.util.trainer:train:28 - ====> Epoch: 63 Average loss: 0.0092
2024-10-30 21:34:27.140 | INFO     | src.util.trainer:train:24 - Train Epoch: 64 [0/60000 (0%)]	Loss: 0.009520
2024-10-30 21:34:28.830 | INFO     | src.util.trainer:train:24 - Train Epoch: 64 [20480/60000 (33%)]	Loss: 0.007905
2024-10-30 21:34:30.442 | INFO     | src.util.trainer:train:24 - Train Epoch: 64 [40960/60000 (67%)]	Loss: 0.005361
2024-10-30 21:34:31.767 | INFO     | src.util.trainer:train:28 - ====> Epoch: 64 Average loss: 0.0078
2024-10-30 21:34:31.935 | INFO     | src.util.trainer:train:24 - Train Epoch: 65 [0/60000 (0%)]	Loss: 0.010494
2024-10-30 21:34:33.518 | INFO     | src.util.trainer:train:24 - Train Epoch: 65 [20480/60000 (33%)]	Loss: 0.008244
2024-10-30 21:34:35.184 | INFO     | src.util.trainer:train:24 - Train Epoch: 65 [40960/60000 (67%)]	Loss: 0.007049
2024-10-30 21:34:36.501 | INFO     | src.util.trainer:train:28 - ====> Epoch: 65 Average loss: 0.0072
2024-10-30 21:34:36.668 | INFO     | src.util.trainer:train:24 - Train Epoch: 66 [0/60000 (0%)]	Loss: 0.005944
2024-10-30 21:34:38.255 | INFO     | src.util.trainer:train:24 - Train Epoch: 66 [20480/60000 (33%)]	Loss: 0.010269
2024-10-30 21:34:39.844 | INFO     | src.util.trainer:train:24 - Train Epoch: 66 [40960/60000 (67%)]	Loss: 0.006886
2024-10-30 21:34:41.248 | INFO     | src.util.trainer:train:28 - ====> Epoch: 66 Average loss: 0.0073
2024-10-30 21:34:41.410 | INFO     | src.util.trainer:train:24 - Train Epoch: 67 [0/60000 (0%)]	Loss: 0.008447
2024-10-30 21:34:43.006 | INFO     | src.util.trainer:train:24 - Train Epoch: 67 [20480/60000 (33%)]	Loss: 0.006976
2024-10-30 21:34:44.578 | INFO     | src.util.trainer:train:24 - Train Epoch: 67 [40960/60000 (67%)]	Loss: 0.007301
2024-10-30 21:34:45.894 | INFO     | src.util.trainer:train:28 - ====> Epoch: 67 Average loss: 0.0072
2024-10-30 21:34:46.058 | INFO     | src.util.trainer:train:24 - Train Epoch: 68 [0/60000 (0%)]	Loss: 0.009121
2024-10-30 21:34:47.732 | INFO     | src.util.trainer:train:24 - Train Epoch: 68 [20480/60000 (33%)]	Loss: 0.005212
2024-10-30 21:34:49.322 | INFO     | src.util.trainer:train:24 - Train Epoch: 68 [40960/60000 (67%)]	Loss: 0.008062
2024-10-30 21:34:50.662 | INFO     | src.util.trainer:train:28 - ====> Epoch: 68 Average loss: 0.0069
2024-10-30 21:34:50.841 | INFO     | src.util.trainer:train:24 - Train Epoch: 69 [0/60000 (0%)]	Loss: 0.004467
2024-10-30 21:34:52.469 | INFO     | src.util.trainer:train:24 - Train Epoch: 69 [20480/60000 (33%)]	Loss: 0.004799
2024-10-30 21:34:54.149 | INFO     | src.util.trainer:train:24 - Train Epoch: 69 [40960/60000 (67%)]	Loss: 0.005730
2024-10-30 21:34:55.472 | INFO     | src.util.trainer:train:28 - ====> Epoch: 69 Average loss: 0.0060
2024-10-30 21:34:55.641 | INFO     | src.util.trainer:train:24 - Train Epoch: 70 [0/60000 (0%)]	Loss: 0.005391
2024-10-30 21:34:57.244 | INFO     | src.util.trainer:train:24 - Train Epoch: 70 [20480/60000 (33%)]	Loss: 0.005100
2024-10-30 21:34:58.839 | INFO     | src.util.trainer:train:24 - Train Epoch: 70 [40960/60000 (67%)]	Loss: 0.007254
2024-10-30 21:35:00.269 | INFO     | src.util.trainer:train:28 - ====> Epoch: 70 Average loss: 0.0057
2024-10-30 21:35:00.437 | INFO     | src.util.trainer:train:24 - Train Epoch: 71 [0/60000 (0%)]	Loss: 0.005532
2024-10-30 21:35:02.053 | INFO     | src.util.trainer:train:24 - Train Epoch: 71 [20480/60000 (33%)]	Loss: 0.004730
2024-10-30 21:35:03.685 | INFO     | src.util.trainer:train:24 - Train Epoch: 71 [40960/60000 (67%)]	Loss: 0.004650
2024-10-30 21:35:05.035 | INFO     | src.util.trainer:train:28 - ====> Epoch: 71 Average loss: 0.0061
2024-10-30 21:35:05.205 | INFO     | src.util.trainer:train:24 - Train Epoch: 72 [0/60000 (0%)]	Loss: 0.003913
2024-10-30 21:35:06.897 | INFO     | src.util.trainer:train:24 - Train Epoch: 72 [20480/60000 (33%)]	Loss: 0.005014
2024-10-30 21:35:08.493 | INFO     | src.util.trainer:train:24 - Train Epoch: 72 [40960/60000 (67%)]	Loss: 0.006473
2024-10-30 21:35:09.846 | INFO     | src.util.trainer:train:28 - ====> Epoch: 72 Average loss: 0.0053
2024-10-30 21:35:10.036 | INFO     | src.util.trainer:train:24 - Train Epoch: 73 [0/60000 (0%)]	Loss: 0.003386
2024-10-30 21:35:11.769 | INFO     | src.util.trainer:train:24 - Train Epoch: 73 [20480/60000 (33%)]	Loss: 0.006168
2024-10-30 21:35:13.420 | INFO     | src.util.trainer:train:24 - Train Epoch: 73 [40960/60000 (67%)]	Loss: 0.003752
2024-10-30 21:35:14.743 | INFO     | src.util.trainer:train:28 - ====> Epoch: 73 Average loss: 0.0049
2024-10-30 21:35:14.910 | INFO     | src.util.trainer:train:24 - Train Epoch: 74 [0/60000 (0%)]	Loss: 0.006541
2024-10-30 21:35:16.525 | INFO     | src.util.trainer:train:24 - Train Epoch: 74 [20480/60000 (33%)]	Loss: 0.003124
2024-10-30 21:35:18.112 | INFO     | src.util.trainer:train:24 - Train Epoch: 74 [40960/60000 (67%)]	Loss: 0.004763
2024-10-30 21:35:19.579 | INFO     | src.util.trainer:train:28 - ====> Epoch: 74 Average loss: 0.0052
2024-10-30 21:35:19.782 | INFO     | src.util.trainer:train:24 - Train Epoch: 75 [0/60000 (0%)]	Loss: 0.004680
2024-10-30 21:35:21.486 | INFO     | src.util.trainer:train:24 - Train Epoch: 75 [20480/60000 (33%)]	Loss: 0.005996
2024-10-30 21:35:23.069 | INFO     | src.util.trainer:train:24 - Train Epoch: 75 [40960/60000 (67%)]	Loss: 0.003664
2024-10-30 21:35:24.403 | INFO     | src.util.trainer:train:28 - ====> Epoch: 75 Average loss: 0.0055
2024-10-30 21:35:24.571 | INFO     | src.util.trainer:train:24 - Train Epoch: 76 [0/60000 (0%)]	Loss: 0.004730
2024-10-30 21:35:26.246 | INFO     | src.util.trainer:train:24 - Train Epoch: 76 [20480/60000 (33%)]	Loss: 0.006199
2024-10-30 21:35:27.839 | INFO     | src.util.trainer:train:24 - Train Epoch: 76 [40960/60000 (67%)]	Loss: 0.006989
2024-10-30 21:35:29.174 | INFO     | src.util.trainer:train:28 - ====> Epoch: 76 Average loss: 0.0050
2024-10-30 21:35:29.344 | INFO     | src.util.trainer:train:24 - Train Epoch: 77 [0/60000 (0%)]	Loss: 0.003437
2024-10-30 21:35:30.948 | INFO     | src.util.trainer:train:24 - Train Epoch: 77 [20480/60000 (33%)]	Loss: 0.006925
2024-10-30 21:35:32.617 | INFO     | src.util.trainer:train:24 - Train Epoch: 77 [40960/60000 (67%)]	Loss: 0.003529
2024-10-30 21:35:33.948 | INFO     | src.util.trainer:train:28 - ====> Epoch: 77 Average loss: 0.0045
2024-10-30 21:35:34.116 | INFO     | src.util.trainer:train:24 - Train Epoch: 78 [0/60000 (0%)]	Loss: 0.002630
2024-10-30 21:35:35.696 | INFO     | src.util.trainer:train:24 - Train Epoch: 78 [20480/60000 (33%)]	Loss: 0.004201
2024-10-30 21:35:37.268 | INFO     | src.util.trainer:train:24 - Train Epoch: 78 [40960/60000 (67%)]	Loss: 0.004625
2024-10-30 21:35:38.683 | INFO     | src.util.trainer:train:28 - ====> Epoch: 78 Average loss: 0.0045
2024-10-30 21:35:38.852 | INFO     | src.util.trainer:train:24 - Train Epoch: 79 [0/60000 (0%)]	Loss: 0.002699
2024-10-30 21:35:40.441 | INFO     | src.util.trainer:train:24 - Train Epoch: 79 [20480/60000 (33%)]	Loss: 0.004678
2024-10-30 21:35:42.028 | INFO     | src.util.trainer:train:24 - Train Epoch: 79 [40960/60000 (67%)]	Loss: 0.002902
2024-10-30 21:35:43.369 | INFO     | src.util.trainer:train:28 - ====> Epoch: 79 Average loss: 0.0040
2024-10-30 21:35:43.539 | INFO     | src.util.trainer:train:24 - Train Epoch: 80 [0/60000 (0%)]	Loss: 0.003235
2024-10-30 21:35:45.216 | INFO     | src.util.trainer:train:24 - Train Epoch: 80 [20480/60000 (33%)]	Loss: 0.003772
2024-10-30 21:35:46.796 | INFO     | src.util.trainer:train:24 - Train Epoch: 80 [40960/60000 (67%)]	Loss: 0.004581
2024-10-30 21:35:48.121 | INFO     | src.util.trainer:train:28 - ====> Epoch: 80 Average loss: 0.0035
2024-10-30 21:35:48.290 | INFO     | src.util.trainer:train:24 - Train Epoch: 81 [0/60000 (0%)]	Loss: 0.003152
2024-10-30 21:35:49.883 | INFO     | src.util.trainer:train:24 - Train Epoch: 81 [20480/60000 (33%)]	Loss: 0.002360
2024-10-30 21:35:51.646 | INFO     | src.util.trainer:train:24 - Train Epoch: 81 [40960/60000 (67%)]	Loss: 0.003259
2024-10-30 21:35:52.979 | INFO     | src.util.trainer:train:28 - ====> Epoch: 81 Average loss: 0.0035
2024-10-30 21:35:53.153 | INFO     | src.util.trainer:train:24 - Train Epoch: 82 [0/60000 (0%)]	Loss: 0.002208
2024-10-30 21:35:54.736 | INFO     | src.util.trainer:train:24 - Train Epoch: 82 [20480/60000 (33%)]	Loss: 0.002664
2024-10-30 21:35:56.328 | INFO     | src.util.trainer:train:24 - Train Epoch: 82 [40960/60000 (67%)]	Loss: 0.004699
2024-10-30 21:35:57.751 | INFO     | src.util.trainer:train:28 - ====> Epoch: 82 Average loss: 0.0043
2024-10-30 21:35:57.920 | INFO     | src.util.trainer:train:24 - Train Epoch: 83 [0/60000 (0%)]	Loss: 0.002943
2024-10-30 21:35:59.515 | INFO     | src.util.trainer:train:24 - Train Epoch: 83 [20480/60000 (33%)]	Loss: 0.004440
2024-10-30 21:36:01.111 | INFO     | src.util.trainer:train:24 - Train Epoch: 83 [40960/60000 (67%)]	Loss: 0.003411
2024-10-30 21:36:02.448 | INFO     | src.util.trainer:train:28 - ====> Epoch: 83 Average loss: 0.0042
2024-10-30 21:36:02.611 | INFO     | src.util.trainer:train:24 - Train Epoch: 84 [0/60000 (0%)]	Loss: 0.002930
2024-10-30 21:36:04.294 | INFO     | src.util.trainer:train:24 - Train Epoch: 84 [20480/60000 (33%)]	Loss: 0.002545
2024-10-30 21:36:05.901 | INFO     | src.util.trainer:train:24 - Train Epoch: 84 [40960/60000 (67%)]	Loss: 0.003449
2024-10-30 21:36:07.258 | INFO     | src.util.trainer:train:28 - ====> Epoch: 84 Average loss: 0.0034
2024-10-30 21:36:07.422 | INFO     | src.util.trainer:train:24 - Train Epoch: 85 [0/60000 (0%)]	Loss: 0.002348
2024-10-30 21:36:09.013 | INFO     | src.util.trainer:train:24 - Train Epoch: 85 [20480/60000 (33%)]	Loss: 0.005140
2024-10-30 21:36:10.698 | INFO     | src.util.trainer:train:24 - Train Epoch: 85 [40960/60000 (67%)]	Loss: 0.002181
2024-10-30 21:36:12.029 | INFO     | src.util.trainer:train:28 - ====> Epoch: 85 Average loss: 0.0028
2024-10-30 21:36:12.192 | INFO     | src.util.trainer:train:24 - Train Epoch: 86 [0/60000 (0%)]	Loss: 0.003382
2024-10-30 21:36:13.778 | INFO     | src.util.trainer:train:24 - Train Epoch: 86 [20480/60000 (33%)]	Loss: 0.002564
2024-10-30 21:36:15.367 | INFO     | src.util.trainer:train:24 - Train Epoch: 86 [40960/60000 (67%)]	Loss: 0.002749
2024-10-30 21:36:16.842 | INFO     | src.util.trainer:train:28 - ====> Epoch: 86 Average loss: 0.0028
2024-10-30 21:36:17.005 | INFO     | src.util.trainer:train:24 - Train Epoch: 87 [0/60000 (0%)]	Loss: 0.004153
2024-10-30 21:36:18.589 | INFO     | src.util.trainer:train:24 - Train Epoch: 87 [20480/60000 (33%)]	Loss: 0.003365
2024-10-30 21:36:20.175 | INFO     | src.util.trainer:train:24 - Train Epoch: 87 [40960/60000 (67%)]	Loss: 0.002182
2024-10-30 21:36:21.491 | INFO     | src.util.trainer:train:28 - ====> Epoch: 87 Average loss: 0.0027
2024-10-30 21:36:21.657 | INFO     | src.util.trainer:train:24 - Train Epoch: 88 [0/60000 (0%)]	Loss: 0.003516
2024-10-30 21:36:23.296 | INFO     | src.util.trainer:train:24 - Train Epoch: 88 [20480/60000 (33%)]	Loss: 0.003536
2024-10-30 21:36:24.871 | INFO     | src.util.trainer:train:24 - Train Epoch: 88 [40960/60000 (67%)]	Loss: 0.003317
2024-10-30 21:36:26.192 | INFO     | src.util.trainer:train:28 - ====> Epoch: 88 Average loss: 0.0026
2024-10-30 21:36:26.355 | INFO     | src.util.trainer:train:24 - Train Epoch: 89 [0/60000 (0%)]	Loss: 0.001339
2024-10-30 21:36:27.931 | INFO     | src.util.trainer:train:24 - Train Epoch: 89 [20480/60000 (33%)]	Loss: 0.001712
2024-10-30 21:36:29.596 | INFO     | src.util.trainer:train:24 - Train Epoch: 89 [40960/60000 (67%)]	Loss: 0.001733
2024-10-30 21:36:30.910 | INFO     | src.util.trainer:train:28 - ====> Epoch: 89 Average loss: 0.0024
2024-10-30 21:36:31.073 | INFO     | src.util.trainer:train:24 - Train Epoch: 90 [0/60000 (0%)]	Loss: 0.001198
2024-10-30 21:36:32.642 | INFO     | src.util.trainer:train:24 - Train Epoch: 90 [20480/60000 (33%)]	Loss: 0.002387
2024-10-30 21:36:34.209 | INFO     | src.util.trainer:train:24 - Train Epoch: 90 [40960/60000 (67%)]	Loss: 0.001656
2024-10-30 21:36:35.615 | INFO     | src.util.trainer:train:28 - ====> Epoch: 90 Average loss: 0.0023
2024-10-30 21:36:35.784 | INFO     | src.util.trainer:train:24 - Train Epoch: 91 [0/60000 (0%)]	Loss: 0.002330
2024-10-30 21:36:37.361 | INFO     | src.util.trainer:train:24 - Train Epoch: 91 [20480/60000 (33%)]	Loss: 0.001311
2024-10-30 21:36:38.943 | INFO     | src.util.trainer:train:24 - Train Epoch: 91 [40960/60000 (67%)]	Loss: 0.003076
2024-10-30 21:36:40.272 | INFO     | src.util.trainer:train:28 - ====> Epoch: 91 Average loss: 0.0023
2024-10-30 21:36:40.445 | INFO     | src.util.trainer:train:24 - Train Epoch: 92 [0/60000 (0%)]	Loss: 0.002909
2024-10-30 21:36:42.137 | INFO     | src.util.trainer:train:24 - Train Epoch: 92 [20480/60000 (33%)]	Loss: 0.002732
2024-10-30 21:36:43.719 | INFO     | src.util.trainer:train:24 - Train Epoch: 92 [40960/60000 (67%)]	Loss: 0.002273
2024-10-30 21:36:45.050 | INFO     | src.util.trainer:train:28 - ====> Epoch: 92 Average loss: 0.0024
2024-10-30 21:36:45.218 | INFO     | src.util.trainer:train:24 - Train Epoch: 93 [0/60000 (0%)]	Loss: 0.001972
2024-10-30 21:36:46.801 | INFO     | src.util.trainer:train:24 - Train Epoch: 93 [20480/60000 (33%)]	Loss: 0.003232
2024-10-30 21:36:48.465 | INFO     | src.util.trainer:train:24 - Train Epoch: 93 [40960/60000 (67%)]	Loss: 0.002505
2024-10-30 21:36:49.797 | INFO     | src.util.trainer:train:28 - ====> Epoch: 93 Average loss: 0.0025
2024-10-30 21:36:49.964 | INFO     | src.util.trainer:train:24 - Train Epoch: 94 [0/60000 (0%)]	Loss: 0.001925
2024-10-30 21:36:51.535 | INFO     | src.util.trainer:train:24 - Train Epoch: 94 [20480/60000 (33%)]	Loss: 0.001920
2024-10-30 21:36:53.113 | INFO     | src.util.trainer:train:24 - Train Epoch: 94 [40960/60000 (67%)]	Loss: 0.002188
2024-10-30 21:36:54.519 | INFO     | src.util.trainer:train:28 - ====> Epoch: 94 Average loss: 0.0025
2024-10-30 21:36:54.686 | INFO     | src.util.trainer:train:24 - Train Epoch: 95 [0/60000 (0%)]	Loss: 0.002501
2024-10-30 21:36:56.266 | INFO     | src.util.trainer:train:24 - Train Epoch: 95 [20480/60000 (33%)]	Loss: 0.002020
2024-10-30 21:36:57.847 | INFO     | src.util.trainer:train:24 - Train Epoch: 95 [40960/60000 (67%)]	Loss: 0.004569
2024-10-30 21:36:59.189 | INFO     | src.util.trainer:train:28 - ====> Epoch: 95 Average loss: 0.0023
2024-10-30 21:36:59.354 | INFO     | src.util.trainer:train:24 - Train Epoch: 96 [0/60000 (0%)]	Loss: 0.001725
2024-10-30 21:37:01.005 | INFO     | src.util.trainer:train:24 - Train Epoch: 96 [20480/60000 (33%)]	Loss: 0.002077
2024-10-30 21:37:02.583 | INFO     | src.util.trainer:train:24 - Train Epoch: 96 [40960/60000 (67%)]	Loss: 0.002987
2024-10-30 21:37:03.907 | INFO     | src.util.trainer:train:28 - ====> Epoch: 96 Average loss: 0.0027
2024-10-30 21:37:04.070 | INFO     | src.util.trainer:train:24 - Train Epoch: 97 [0/60000 (0%)]	Loss: 0.001604
2024-10-30 21:37:05.675 | INFO     | src.util.trainer:train:24 - Train Epoch: 97 [20480/60000 (33%)]	Loss: 0.001627
2024-10-30 21:37:07.335 | INFO     | src.util.trainer:train:24 - Train Epoch: 97 [40960/60000 (67%)]	Loss: 0.001654
2024-10-30 21:37:08.650 | INFO     | src.util.trainer:train:28 - ====> Epoch: 97 Average loss: 0.0022
2024-10-30 21:37:08.816 | INFO     | src.util.trainer:train:24 - Train Epoch: 98 [0/60000 (0%)]	Loss: 0.001243
2024-10-30 21:37:10.408 | INFO     | src.util.trainer:train:24 - Train Epoch: 98 [20480/60000 (33%)]	Loss: 0.001488
2024-10-30 21:37:11.999 | INFO     | src.util.trainer:train:24 - Train Epoch: 98 [40960/60000 (67%)]	Loss: 0.002043
2024-10-30 21:37:13.379 | INFO     | src.util.trainer:train:28 - ====> Epoch: 98 Average loss: 0.0019
2024-10-30 21:37:13.542 | INFO     | src.util.trainer:train:24 - Train Epoch: 99 [0/60000 (0%)]	Loss: 0.001697
2024-10-30 21:37:15.117 | INFO     | src.util.trainer:train:24 - Train Epoch: 99 [20480/60000 (33%)]	Loss: 0.002116
2024-10-30 21:37:16.683 | INFO     | src.util.trainer:train:24 - Train Epoch: 99 [40960/60000 (67%)]	Loss: 0.001356
2024-10-30 21:37:17.995 | INFO     | src.util.trainer:train:28 - ====> Epoch: 99 Average loss: 0.0017
2024-10-30 21:37:17.995 | INFO     | src.util.trainer:test:31 - -- start testing --
2024-10-30 21:37:18.738 | INFO     | src.util.trainer:test:60 - ====> Test set: Average loss: 0.1182, Accuracy: 9755/10000 (97.55%) @ -1bit quantization
2024-10-30 21:37:18.740 | INFO     | __main__:main:62 - Model parameters saved!
2024-10-30 21:37:18.743 | INFO     | __main__:<module>:102 - Total time: 483.83 seconds
