2024-10-30 21:29:08.725 | INFO     | __main__:<module>:89 - args: Namespace(config='/home/yxueat/course@ust/elce6910c/hw2/Multi-View-Image-Classification/config/main.yml')
2024-10-30 21:29:08.728 | INFO     | __main__:<module>:95 - config:
{
    "base": {
        "seed": 42,
        "root_path": "/home/yxueat/course@ust/elce6910c/hw2/Multi-View-Image-Classification",
        "cuda_visible_devices": 3,
        "mode": "train_quant"
    },
    "model": {
        "name": "FourViewClassifier4MNIST"
    },
    "train": {
        "ckpt": "save/ckpt/model_params.pth",
        "qbit": 4,
        "epochs": 100,
        "lr": 0.001,
        "log_interval": 10
    },
    "eval": {
        "ckpt": "save/ckpt/model_params.pth",
        "qbit": 1
    },
    "dataset": {
        "dir": "dataset/mnist",
        "batch_size": 2048,
        "shuffle": true,
        "download": true
    },
    "quant": {
        "bit": 8
    }
}
2024-10-30 21:29:08.776 | INFO     | __main__:main:22 - device: cuda
2024-10-30 21:29:10.978 | INFO     | __main__:main:47 - Init the quantizer: fake_input forward ...
2024-10-30 21:29:12.362 | INFO     | src.util.trainer:train:8 - -- start training --
2024-10-30 21:29:12.545 | INFO     | src.util.trainer:train:24 - Train Epoch: 0 [0/60000 (0%)]	Loss: 2.308404
2024-10-30 21:29:14.237 | INFO     | src.util.trainer:train:24 - Train Epoch: 0 [20480/60000 (33%)]	Loss: 2.270708
2024-10-30 21:29:15.962 | INFO     | src.util.trainer:train:24 - Train Epoch: 0 [40960/60000 (67%)]	Loss: 2.184475
2024-10-30 21:29:17.306 | INFO     | src.util.trainer:train:28 - ====> Epoch: 0 Average loss: 2.2165
2024-10-30 21:29:17.477 | INFO     | src.util.trainer:train:24 - Train Epoch: 1 [0/60000 (0%)]	Loss: 2.012423
2024-10-30 21:29:19.105 | INFO     | src.util.trainer:train:24 - Train Epoch: 1 [20480/60000 (33%)]	Loss: 1.707440
2024-10-30 21:29:20.716 | INFO     | src.util.trainer:train:24 - Train Epoch: 1 [40960/60000 (67%)]	Loss: 1.283850
2024-10-30 21:29:22.224 | INFO     | src.util.trainer:train:28 - ====> Epoch: 1 Average loss: 1.4957
2024-10-30 21:29:22.406 | INFO     | src.util.trainer:train:24 - Train Epoch: 2 [0/60000 (0%)]	Loss: 0.895428
2024-10-30 21:29:24.035 | INFO     | src.util.trainer:train:24 - Train Epoch: 2 [20480/60000 (33%)]	Loss: 0.695730
2024-10-30 21:29:25.613 | INFO     | src.util.trainer:train:24 - Train Epoch: 2 [40960/60000 (67%)]	Loss: 0.534221
2024-10-30 21:29:27.159 | INFO     | src.util.trainer:train:28 - ====> Epoch: 2 Average loss: 0.6599
2024-10-30 21:29:27.357 | INFO     | src.util.trainer:train:24 - Train Epoch: 3 [0/60000 (0%)]	Loss: 0.479377
2024-10-30 21:29:29.342 | INFO     | src.util.trainer:train:24 - Train Epoch: 3 [20480/60000 (33%)]	Loss: 0.441489
2024-10-30 21:29:31.025 | INFO     | src.util.trainer:train:24 - Train Epoch: 3 [40960/60000 (67%)]	Loss: 0.394505
2024-10-30 21:29:32.542 | INFO     | src.util.trainer:train:28 - ====> Epoch: 3 Average loss: 0.4189
2024-10-30 21:29:32.719 | INFO     | src.util.trainer:train:24 - Train Epoch: 4 [0/60000 (0%)]	Loss: 0.364494
2024-10-30 21:29:34.492 | INFO     | src.util.trainer:train:24 - Train Epoch: 4 [20480/60000 (33%)]	Loss: 0.343861
2024-10-30 21:29:36.058 | INFO     | src.util.trainer:train:24 - Train Epoch: 4 [40960/60000 (67%)]	Loss: 0.341415
2024-10-30 21:29:37.412 | INFO     | src.util.trainer:train:28 - ====> Epoch: 4 Average loss: 0.3145
2024-10-30 21:29:37.585 | INFO     | src.util.trainer:train:24 - Train Epoch: 5 [0/60000 (0%)]	Loss: 0.267991
2024-10-30 21:29:39.250 | INFO     | src.util.trainer:train:24 - Train Epoch: 5 [20480/60000 (33%)]	Loss: 0.249277
2024-10-30 21:29:40.940 | INFO     | src.util.trainer:train:24 - Train Epoch: 5 [40960/60000 (67%)]	Loss: 0.229207
2024-10-30 21:29:42.251 | INFO     | src.util.trainer:train:28 - ====> Epoch: 5 Average loss: 0.2528
2024-10-30 21:29:42.420 | INFO     | src.util.trainer:train:24 - Train Epoch: 6 [0/60000 (0%)]	Loss: 0.220513
2024-10-30 21:29:44.161 | INFO     | src.util.trainer:train:24 - Train Epoch: 6 [20480/60000 (33%)]	Loss: 0.228684
2024-10-30 21:29:45.793 | INFO     | src.util.trainer:train:24 - Train Epoch: 6 [40960/60000 (67%)]	Loss: 0.218157
2024-10-30 21:29:47.264 | INFO     | src.util.trainer:train:28 - ====> Epoch: 6 Average loss: 0.2123
2024-10-30 21:29:47.430 | INFO     | src.util.trainer:train:24 - Train Epoch: 7 [0/60000 (0%)]	Loss: 0.200128
2024-10-30 21:29:49.064 | INFO     | src.util.trainer:train:24 - Train Epoch: 7 [20480/60000 (33%)]	Loss: 0.213824
2024-10-30 21:29:50.680 | INFO     | src.util.trainer:train:24 - Train Epoch: 7 [40960/60000 (67%)]	Loss: 0.173849
2024-10-30 21:29:52.015 | INFO     | src.util.trainer:train:28 - ====> Epoch: 7 Average loss: 0.1833
2024-10-30 21:29:52.194 | INFO     | src.util.trainer:train:24 - Train Epoch: 8 [0/60000 (0%)]	Loss: 0.176418
2024-10-30 21:29:53.857 | INFO     | src.util.trainer:train:24 - Train Epoch: 8 [20480/60000 (33%)]	Loss: 0.158088
2024-10-30 21:29:55.480 | INFO     | src.util.trainer:train:24 - Train Epoch: 8 [40960/60000 (67%)]	Loss: 0.163957
2024-10-30 21:29:56.819 | INFO     | src.util.trainer:train:28 - ====> Epoch: 8 Average loss: 0.1626
2024-10-30 21:29:56.994 | INFO     | src.util.trainer:train:24 - Train Epoch: 9 [0/60000 (0%)]	Loss: 0.159406
2024-10-30 21:29:58.636 | INFO     | src.util.trainer:train:24 - Train Epoch: 9 [20480/60000 (33%)]	Loss: 0.160999
2024-10-30 21:30:00.318 | INFO     | src.util.trainer:train:24 - Train Epoch: 9 [40960/60000 (67%)]	Loss: 0.166412
2024-10-30 21:30:01.627 | INFO     | src.util.trainer:train:28 - ====> Epoch: 9 Average loss: 0.1466
2024-10-30 21:30:01.795 | INFO     | src.util.trainer:train:24 - Train Epoch: 10 [0/60000 (0%)]	Loss: 0.124579
2024-10-30 21:30:03.372 | INFO     | src.util.trainer:train:24 - Train Epoch: 10 [20480/60000 (33%)]	Loss: 0.128928
2024-10-30 21:30:04.951 | INFO     | src.util.trainer:train:24 - Train Epoch: 10 [40960/60000 (67%)]	Loss: 0.131376
2024-10-30 21:30:06.333 | INFO     | src.util.trainer:train:28 - ====> Epoch: 10 Average loss: 0.1309
2024-10-30 21:30:06.496 | INFO     | src.util.trainer:train:24 - Train Epoch: 11 [0/60000 (0%)]	Loss: 0.110245
2024-10-30 21:30:08.106 | INFO     | src.util.trainer:train:24 - Train Epoch: 11 [20480/60000 (33%)]	Loss: 0.105019
2024-10-30 21:30:09.728 | INFO     | src.util.trainer:train:24 - Train Epoch: 11 [40960/60000 (67%)]	Loss: 0.112767
2024-10-30 21:30:11.046 | INFO     | src.util.trainer:train:28 - ====> Epoch: 11 Average loss: 0.1214
2024-10-30 21:30:11.204 | INFO     | src.util.trainer:train:24 - Train Epoch: 12 [0/60000 (0%)]	Loss: 0.095190
2024-10-30 21:30:12.907 | INFO     | src.util.trainer:train:24 - Train Epoch: 12 [20480/60000 (33%)]	Loss: 0.104138
2024-10-30 21:30:14.479 | INFO     | src.util.trainer:train:24 - Train Epoch: 12 [40960/60000 (67%)]	Loss: 0.107923
2024-10-30 21:30:15.802 | INFO     | src.util.trainer:train:28 - ====> Epoch: 12 Average loss: 0.1090
2024-10-30 21:30:15.966 | INFO     | src.util.trainer:train:24 - Train Epoch: 13 [0/60000 (0%)]	Loss: 0.100598
2024-10-30 21:30:17.819 | INFO     | src.util.trainer:train:24 - Train Epoch: 13 [20480/60000 (33%)]	Loss: 0.105168
2024-10-30 21:30:19.606 | INFO     | src.util.trainer:train:24 - Train Epoch: 13 [40960/60000 (67%)]	Loss: 0.108633
2024-10-30 21:30:20.942 | INFO     | src.util.trainer:train:28 - ====> Epoch: 13 Average loss: 0.1011
2024-10-30 21:30:21.106 | INFO     | src.util.trainer:train:24 - Train Epoch: 14 [0/60000 (0%)]	Loss: 0.097154
2024-10-30 21:30:22.667 | INFO     | src.util.trainer:train:24 - Train Epoch: 14 [20480/60000 (33%)]	Loss: 0.102732
2024-10-30 21:30:24.221 | INFO     | src.util.trainer:train:24 - Train Epoch: 14 [40960/60000 (67%)]	Loss: 0.097168
2024-10-30 21:30:25.604 | INFO     | src.util.trainer:train:28 - ====> Epoch: 14 Average loss: 0.0950
2024-10-30 21:30:25.760 | INFO     | src.util.trainer:train:24 - Train Epoch: 15 [0/60000 (0%)]	Loss: 0.099174
2024-10-30 21:30:27.313 | INFO     | src.util.trainer:train:24 - Train Epoch: 15 [20480/60000 (33%)]	Loss: 0.072045
2024-10-30 21:30:28.871 | INFO     | src.util.trainer:train:24 - Train Epoch: 15 [40960/60000 (67%)]	Loss: 0.088812
2024-10-30 21:30:30.172 | INFO     | src.util.trainer:train:28 - ====> Epoch: 15 Average loss: 0.0883
2024-10-30 21:30:30.333 | INFO     | src.util.trainer:train:24 - Train Epoch: 16 [0/60000 (0%)]	Loss: 0.090925
2024-10-30 21:30:31.964 | INFO     | src.util.trainer:train:24 - Train Epoch: 16 [20480/60000 (33%)]	Loss: 0.096198
2024-10-30 21:30:33.540 | INFO     | src.util.trainer:train:24 - Train Epoch: 16 [40960/60000 (67%)]	Loss: 0.073594
2024-10-30 21:30:34.865 | INFO     | src.util.trainer:train:28 - ====> Epoch: 16 Average loss: 0.0824
2024-10-30 21:30:35.030 | INFO     | src.util.trainer:train:24 - Train Epoch: 17 [0/60000 (0%)]	Loss: 0.097085
2024-10-30 21:30:36.569 | INFO     | src.util.trainer:train:24 - Train Epoch: 17 [20480/60000 (33%)]	Loss: 0.082005
2024-10-30 21:30:38.210 | INFO     | src.util.trainer:train:24 - Train Epoch: 17 [40960/60000 (67%)]	Loss: 0.082035
2024-10-30 21:30:39.508 | INFO     | src.util.trainer:train:28 - ====> Epoch: 17 Average loss: 0.0781
2024-10-30 21:30:39.666 | INFO     | src.util.trainer:train:24 - Train Epoch: 18 [0/60000 (0%)]	Loss: 0.076921
2024-10-30 21:30:41.221 | INFO     | src.util.trainer:train:24 - Train Epoch: 18 [20480/60000 (33%)]	Loss: 0.078907
2024-10-30 21:30:42.785 | INFO     | src.util.trainer:train:24 - Train Epoch: 18 [40960/60000 (67%)]	Loss: 0.069251
2024-10-30 21:30:44.151 | INFO     | src.util.trainer:train:28 - ====> Epoch: 18 Average loss: 0.0729
2024-10-30 21:30:44.309 | INFO     | src.util.trainer:train:24 - Train Epoch: 19 [0/60000 (0%)]	Loss: 0.073720
2024-10-30 21:30:45.862 | INFO     | src.util.trainer:train:24 - Train Epoch: 19 [20480/60000 (33%)]	Loss: 0.068962
2024-10-30 21:30:47.410 | INFO     | src.util.trainer:train:24 - Train Epoch: 19 [40960/60000 (67%)]	Loss: 0.072891
2024-10-30 21:30:48.704 | INFO     | src.util.trainer:train:28 - ====> Epoch: 19 Average loss: 0.0691
2024-10-30 21:30:48.865 | INFO     | src.util.trainer:train:24 - Train Epoch: 20 [0/60000 (0%)]	Loss: 0.062841
2024-10-30 21:30:50.496 | INFO     | src.util.trainer:train:24 - Train Epoch: 20 [20480/60000 (33%)]	Loss: 0.080606
2024-10-30 21:30:52.041 | INFO     | src.util.trainer:train:24 - Train Epoch: 20 [40960/60000 (67%)]	Loss: 0.066851
2024-10-30 21:30:53.344 | INFO     | src.util.trainer:train:28 - ====> Epoch: 20 Average loss: 0.0653
2024-10-30 21:30:53.506 | INFO     | src.util.trainer:train:24 - Train Epoch: 21 [0/60000 (0%)]	Loss: 0.049473
2024-10-30 21:30:55.095 | INFO     | src.util.trainer:train:24 - Train Epoch: 21 [20480/60000 (33%)]	Loss: 0.061321
2024-10-30 21:30:56.719 | INFO     | src.util.trainer:train:24 - Train Epoch: 21 [40960/60000 (67%)]	Loss: 0.057191
2024-10-30 21:30:58.026 | INFO     | src.util.trainer:train:28 - ====> Epoch: 21 Average loss: 0.0616
2024-10-30 21:30:58.192 | INFO     | src.util.trainer:train:24 - Train Epoch: 22 [0/60000 (0%)]	Loss: 0.046171
2024-10-30 21:30:59.767 | INFO     | src.util.trainer:train:24 - Train Epoch: 22 [20480/60000 (33%)]	Loss: 0.055253
2024-10-30 21:31:01.315 | INFO     | src.util.trainer:train:24 - Train Epoch: 22 [40960/60000 (67%)]	Loss: 0.061602
2024-10-30 21:31:02.751 | INFO     | src.util.trainer:train:28 - ====> Epoch: 22 Average loss: 0.0596
2024-10-30 21:31:02.982 | INFO     | src.util.trainer:train:24 - Train Epoch: 23 [0/60000 (0%)]	Loss: 0.057145
2024-10-30 21:31:04.662 | INFO     | src.util.trainer:train:24 - Train Epoch: 23 [20480/60000 (33%)]	Loss: 0.045878
2024-10-30 21:31:06.250 | INFO     | src.util.trainer:train:24 - Train Epoch: 23 [40960/60000 (67%)]	Loss: 0.054964
2024-10-30 21:31:07.570 | INFO     | src.util.trainer:train:28 - ====> Epoch: 23 Average loss: 0.0564
2024-10-30 21:31:07.735 | INFO     | src.util.trainer:train:24 - Train Epoch: 24 [0/60000 (0%)]	Loss: 0.046612
2024-10-30 21:31:09.376 | INFO     | src.util.trainer:train:24 - Train Epoch: 24 [20480/60000 (33%)]	Loss: 0.051707
2024-10-30 21:31:10.918 | INFO     | src.util.trainer:train:24 - Train Epoch: 24 [40960/60000 (67%)]	Loss: 0.062046
2024-10-30 21:31:12.218 | INFO     | src.util.trainer:train:28 - ====> Epoch: 24 Average loss: 0.0535
2024-10-30 21:31:12.388 | INFO     | src.util.trainer:train:24 - Train Epoch: 25 [0/60000 (0%)]	Loss: 0.047313
2024-10-30 21:31:13.967 | INFO     | src.util.trainer:train:24 - Train Epoch: 25 [20480/60000 (33%)]	Loss: 0.044833
2024-10-30 21:31:15.638 | INFO     | src.util.trainer:train:24 - Train Epoch: 25 [40960/60000 (67%)]	Loss: 0.050380
2024-10-30 21:31:16.962 | INFO     | src.util.trainer:train:28 - ====> Epoch: 25 Average loss: 0.0515
2024-10-30 21:31:17.127 | INFO     | src.util.trainer:train:24 - Train Epoch: 26 [0/60000 (0%)]	Loss: 0.058002
2024-10-30 21:31:18.713 | INFO     | src.util.trainer:train:24 - Train Epoch: 26 [20480/60000 (33%)]	Loss: 0.032983
2024-10-30 21:31:20.291 | INFO     | src.util.trainer:train:24 - Train Epoch: 26 [40960/60000 (67%)]	Loss: 0.058485
2024-10-30 21:31:21.714 | INFO     | src.util.trainer:train:28 - ====> Epoch: 26 Average loss: 0.0486
2024-10-30 21:31:21.880 | INFO     | src.util.trainer:train:24 - Train Epoch: 27 [0/60000 (0%)]	Loss: 0.042559
2024-10-30 21:31:23.461 | INFO     | src.util.trainer:train:24 - Train Epoch: 27 [20480/60000 (33%)]	Loss: 0.050454
2024-10-30 21:31:25.025 | INFO     | src.util.trainer:train:24 - Train Epoch: 27 [40960/60000 (67%)]	Loss: 0.047157
2024-10-30 21:31:26.336 | INFO     | src.util.trainer:train:28 - ====> Epoch: 27 Average loss: 0.0465
2024-10-30 21:31:26.497 | INFO     | src.util.trainer:train:24 - Train Epoch: 28 [0/60000 (0%)]	Loss: 0.046376
2024-10-30 21:31:28.154 | INFO     | src.util.trainer:train:24 - Train Epoch: 28 [20480/60000 (33%)]	Loss: 0.040769
2024-10-30 21:31:29.728 | INFO     | src.util.trainer:train:24 - Train Epoch: 28 [40960/60000 (67%)]	Loss: 0.039772
2024-10-30 21:31:31.041 | INFO     | src.util.trainer:train:28 - ====> Epoch: 28 Average loss: 0.0438
2024-10-30 21:31:31.206 | INFO     | src.util.trainer:train:24 - Train Epoch: 29 [0/60000 (0%)]	Loss: 0.032530
2024-10-30 21:31:32.786 | INFO     | src.util.trainer:train:24 - Train Epoch: 29 [20480/60000 (33%)]	Loss: 0.035667
2024-10-30 21:31:34.426 | INFO     | src.util.trainer:train:24 - Train Epoch: 29 [40960/60000 (67%)]	Loss: 0.054727
2024-10-30 21:31:35.730 | INFO     | src.util.trainer:train:28 - ====> Epoch: 29 Average loss: 0.0429
2024-10-30 21:31:35.899 | INFO     | src.util.trainer:train:24 - Train Epoch: 30 [0/60000 (0%)]	Loss: 0.040278
2024-10-30 21:31:37.477 | INFO     | src.util.trainer:train:24 - Train Epoch: 30 [20480/60000 (33%)]	Loss: 0.049175
2024-10-30 21:31:39.071 | INFO     | src.util.trainer:train:24 - Train Epoch: 30 [40960/60000 (67%)]	Loss: 0.041373
2024-10-30 21:31:40.452 | INFO     | src.util.trainer:train:28 - ====> Epoch: 30 Average loss: 0.0397
2024-10-30 21:31:40.616 | INFO     | src.util.trainer:train:24 - Train Epoch: 31 [0/60000 (0%)]	Loss: 0.042346
2024-10-30 21:31:42.177 | INFO     | src.util.trainer:train:24 - Train Epoch: 31 [20480/60000 (33%)]	Loss: 0.041646
2024-10-30 21:31:43.739 | INFO     | src.util.trainer:train:24 - Train Epoch: 31 [40960/60000 (67%)]	Loss: 0.036150
2024-10-30 21:31:45.040 | INFO     | src.util.trainer:train:28 - ====> Epoch: 31 Average loss: 0.0378
2024-10-30 21:31:45.203 | INFO     | src.util.trainer:train:24 - Train Epoch: 32 [0/60000 (0%)]	Loss: 0.035392
2024-10-30 21:31:46.849 | INFO     | src.util.trainer:train:24 - Train Epoch: 32 [20480/60000 (33%)]	Loss: 0.039408
2024-10-30 21:31:48.431 | INFO     | src.util.trainer:train:24 - Train Epoch: 32 [40960/60000 (67%)]	Loss: 0.029585
2024-10-30 21:31:49.739 | INFO     | src.util.trainer:train:28 - ====> Epoch: 32 Average loss: 0.0367
2024-10-30 21:31:49.902 | INFO     | src.util.trainer:train:24 - Train Epoch: 33 [0/60000 (0%)]	Loss: 0.032310
2024-10-30 21:31:51.467 | INFO     | src.util.trainer:train:24 - Train Epoch: 33 [20480/60000 (33%)]	Loss: 0.041137
2024-10-30 21:31:53.119 | INFO     | src.util.trainer:train:24 - Train Epoch: 33 [40960/60000 (67%)]	Loss: 0.037986
2024-10-30 21:31:54.427 | INFO     | src.util.trainer:train:28 - ====> Epoch: 33 Average loss: 0.0346
2024-10-30 21:31:54.584 | INFO     | src.util.trainer:train:24 - Train Epoch: 34 [0/60000 (0%)]	Loss: 0.029536
2024-10-30 21:31:56.124 | INFO     | src.util.trainer:train:24 - Train Epoch: 34 [20480/60000 (33%)]	Loss: 0.036287
2024-10-30 21:31:57.700 | INFO     | src.util.trainer:train:24 - Train Epoch: 34 [40960/60000 (67%)]	Loss: 0.032092
2024-10-30 21:31:59.100 | INFO     | src.util.trainer:train:28 - ====> Epoch: 34 Average loss: 0.0328
2024-10-30 21:31:59.258 | INFO     | src.util.trainer:train:24 - Train Epoch: 35 [0/60000 (0%)]	Loss: 0.029948
2024-10-30 21:32:00.822 | INFO     | src.util.trainer:train:24 - Train Epoch: 35 [20480/60000 (33%)]	Loss: 0.024599
2024-10-30 21:32:02.399 | INFO     | src.util.trainer:train:24 - Train Epoch: 35 [40960/60000 (67%)]	Loss: 0.028969
2024-10-30 21:32:03.681 | INFO     | src.util.trainer:train:28 - ====> Epoch: 35 Average loss: 0.0312
2024-10-30 21:32:03.838 | INFO     | src.util.trainer:train:24 - Train Epoch: 36 [0/60000 (0%)]	Loss: 0.031886
2024-10-30 21:32:05.466 | INFO     | src.util.trainer:train:24 - Train Epoch: 36 [20480/60000 (33%)]	Loss: 0.027224
2024-10-30 21:32:07.045 | INFO     | src.util.trainer:train:24 - Train Epoch: 36 [40960/60000 (67%)]	Loss: 0.039225
2024-10-30 21:32:08.336 | INFO     | src.util.trainer:train:28 - ====> Epoch: 36 Average loss: 0.0299
2024-10-30 21:32:08.496 | INFO     | src.util.trainer:train:24 - Train Epoch: 37 [0/60000 (0%)]	Loss: 0.021346
2024-10-30 21:32:10.031 | INFO     | src.util.trainer:train:24 - Train Epoch: 37 [20480/60000 (33%)]	Loss: 0.031651
2024-10-30 21:32:11.642 | INFO     | src.util.trainer:train:24 - Train Epoch: 37 [40960/60000 (67%)]	Loss: 0.028827
2024-10-30 21:32:12.948 | INFO     | src.util.trainer:train:28 - ====> Epoch: 37 Average loss: 0.0284
2024-10-30 21:32:13.118 | INFO     | src.util.trainer:train:24 - Train Epoch: 38 [0/60000 (0%)]	Loss: 0.024812
2024-10-30 21:32:14.691 | INFO     | src.util.trainer:train:24 - Train Epoch: 38 [20480/60000 (33%)]	Loss: 0.024471
2024-10-30 21:32:16.238 | INFO     | src.util.trainer:train:24 - Train Epoch: 38 [40960/60000 (67%)]	Loss: 0.026644
2024-10-30 21:32:17.607 | INFO     | src.util.trainer:train:28 - ====> Epoch: 38 Average loss: 0.0274
2024-10-30 21:32:17.769 | INFO     | src.util.trainer:train:24 - Train Epoch: 39 [0/60000 (0%)]	Loss: 0.027862
2024-10-30 21:32:19.325 | INFO     | src.util.trainer:train:24 - Train Epoch: 39 [20480/60000 (33%)]	Loss: 0.020088
2024-10-30 21:32:20.872 | INFO     | src.util.trainer:train:24 - Train Epoch: 39 [40960/60000 (67%)]	Loss: 0.021967
2024-10-30 21:32:22.172 | INFO     | src.util.trainer:train:28 - ====> Epoch: 39 Average loss: 0.0269
2024-10-30 21:32:22.330 | INFO     | src.util.trainer:train:24 - Train Epoch: 40 [0/60000 (0%)]	Loss: 0.023039
2024-10-30 21:32:23.998 | INFO     | src.util.trainer:train:24 - Train Epoch: 40 [20480/60000 (33%)]	Loss: 0.019615
2024-10-30 21:32:25.621 | INFO     | src.util.trainer:train:24 - Train Epoch: 40 [40960/60000 (67%)]	Loss: 0.026295
2024-10-30 21:32:26.946 | INFO     | src.util.trainer:train:28 - ====> Epoch: 40 Average loss: 0.0251
2024-10-30 21:32:27.104 | INFO     | src.util.trainer:train:24 - Train Epoch: 41 [0/60000 (0%)]	Loss: 0.026621
2024-10-30 21:32:28.672 | INFO     | src.util.trainer:train:24 - Train Epoch: 41 [20480/60000 (33%)]	Loss: 0.018145
2024-10-30 21:32:30.310 | INFO     | src.util.trainer:train:24 - Train Epoch: 41 [40960/60000 (67%)]	Loss: 0.023195
2024-10-30 21:32:31.616 | INFO     | src.util.trainer:train:28 - ====> Epoch: 41 Average loss: 0.0239
2024-10-30 21:32:31.774 | INFO     | src.util.trainer:train:24 - Train Epoch: 42 [0/60000 (0%)]	Loss: 0.020955
2024-10-30 21:32:33.356 | INFO     | src.util.trainer:train:24 - Train Epoch: 42 [20480/60000 (33%)]	Loss: 0.018523
2024-10-30 21:32:34.930 | INFO     | src.util.trainer:train:24 - Train Epoch: 42 [40960/60000 (67%)]	Loss: 0.020777
2024-10-30 21:32:36.311 | INFO     | src.util.trainer:train:28 - ====> Epoch: 42 Average loss: 0.0233
2024-10-30 21:32:36.471 | INFO     | src.util.trainer:train:24 - Train Epoch: 43 [0/60000 (0%)]	Loss: 0.020913
2024-10-30 21:32:38.054 | INFO     | src.util.trainer:train:24 - Train Epoch: 43 [20480/60000 (33%)]	Loss: 0.019547
2024-10-30 21:32:39.627 | INFO     | src.util.trainer:train:24 - Train Epoch: 43 [40960/60000 (67%)]	Loss: 0.026139
2024-10-30 21:32:40.916 | INFO     | src.util.trainer:train:28 - ====> Epoch: 43 Average loss: 0.0220
2024-10-30 21:32:41.074 | INFO     | src.util.trainer:train:24 - Train Epoch: 44 [0/60000 (0%)]	Loss: 0.020451
2024-10-30 21:32:42.702 | INFO     | src.util.trainer:train:24 - Train Epoch: 44 [20480/60000 (33%)]	Loss: 0.018793
2024-10-30 21:32:44.269 | INFO     | src.util.trainer:train:24 - Train Epoch: 44 [40960/60000 (67%)]	Loss: 0.014759
2024-10-30 21:32:45.567 | INFO     | src.util.trainer:train:28 - ====> Epoch: 44 Average loss: 0.0203
2024-10-30 21:32:45.727 | INFO     | src.util.trainer:train:24 - Train Epoch: 45 [0/60000 (0%)]	Loss: 0.015602
2024-10-30 21:32:47.298 | INFO     | src.util.trainer:train:24 - Train Epoch: 45 [20480/60000 (33%)]	Loss: 0.019355
2024-10-30 21:32:48.932 | INFO     | src.util.trainer:train:24 - Train Epoch: 45 [40960/60000 (67%)]	Loss: 0.015059
2024-10-30 21:32:50.281 | INFO     | src.util.trainer:train:28 - ====> Epoch: 45 Average loss: 0.0198
2024-10-30 21:32:50.442 | INFO     | src.util.trainer:train:24 - Train Epoch: 46 [0/60000 (0%)]	Loss: 0.020288
2024-10-30 21:32:52.015 | INFO     | src.util.trainer:train:24 - Train Epoch: 46 [20480/60000 (33%)]	Loss: 0.027774
2024-10-30 21:32:53.576 | INFO     | src.util.trainer:train:24 - Train Epoch: 46 [40960/60000 (67%)]	Loss: 0.020772
2024-10-30 21:32:54.966 | INFO     | src.util.trainer:train:28 - ====> Epoch: 46 Average loss: 0.0184
2024-10-30 21:32:55.123 | INFO     | src.util.trainer:train:24 - Train Epoch: 47 [0/60000 (0%)]	Loss: 0.017544
2024-10-30 21:32:56.689 | INFO     | src.util.trainer:train:24 - Train Epoch: 47 [20480/60000 (33%)]	Loss: 0.017157
2024-10-30 21:32:58.270 | INFO     | src.util.trainer:train:24 - Train Epoch: 47 [40960/60000 (67%)]	Loss: 0.015386
2024-10-30 21:32:59.592 | INFO     | src.util.trainer:train:28 - ====> Epoch: 47 Average loss: 0.0175
2024-10-30 21:32:59.749 | INFO     | src.util.trainer:train:24 - Train Epoch: 48 [0/60000 (0%)]	Loss: 0.018982
2024-10-30 21:33:01.390 | INFO     | src.util.trainer:train:24 - Train Epoch: 48 [20480/60000 (33%)]	Loss: 0.027216
2024-10-30 21:33:02.966 | INFO     | src.util.trainer:train:24 - Train Epoch: 48 [40960/60000 (67%)]	Loss: 0.020226
2024-10-30 21:33:04.281 | INFO     | src.util.trainer:train:28 - ====> Epoch: 48 Average loss: 0.0169
2024-10-30 21:33:04.440 | INFO     | src.util.trainer:train:24 - Train Epoch: 49 [0/60000 (0%)]	Loss: 0.018613
2024-10-30 21:33:06.033 | INFO     | src.util.trainer:train:24 - Train Epoch: 49 [20480/60000 (33%)]	Loss: 0.013384
2024-10-30 21:33:07.662 | INFO     | src.util.trainer:train:24 - Train Epoch: 49 [40960/60000 (67%)]	Loss: 0.014312
2024-10-30 21:33:08.968 | INFO     | src.util.trainer:train:28 - ====> Epoch: 49 Average loss: 0.0157
2024-10-30 21:33:09.126 | INFO     | src.util.trainer:train:24 - Train Epoch: 50 [0/60000 (0%)]	Loss: 0.009444
2024-10-30 21:33:10.679 | INFO     | src.util.trainer:train:24 - Train Epoch: 50 [20480/60000 (33%)]	Loss: 0.011460
2024-10-30 21:33:12.245 | INFO     | src.util.trainer:train:24 - Train Epoch: 50 [40960/60000 (67%)]	Loss: 0.012635
2024-10-30 21:33:13.623 | INFO     | src.util.trainer:train:28 - ====> Epoch: 50 Average loss: 0.0149
2024-10-30 21:33:13.783 | INFO     | src.util.trainer:train:24 - Train Epoch: 51 [0/60000 (0%)]	Loss: 0.012925
2024-10-30 21:33:15.345 | INFO     | src.util.trainer:train:24 - Train Epoch: 51 [20480/60000 (33%)]	Loss: 0.013192
2024-10-30 21:33:16.913 | INFO     | src.util.trainer:train:24 - Train Epoch: 51 [40960/60000 (67%)]	Loss: 0.014624
2024-10-30 21:33:18.226 | INFO     | src.util.trainer:train:28 - ====> Epoch: 51 Average loss: 0.0142
2024-10-30 21:33:18.389 | INFO     | src.util.trainer:train:24 - Train Epoch: 52 [0/60000 (0%)]	Loss: 0.013999
2024-10-30 21:33:20.016 | INFO     | src.util.trainer:train:24 - Train Epoch: 52 [20480/60000 (33%)]	Loss: 0.019345
2024-10-30 21:33:21.567 | INFO     | src.util.trainer:train:24 - Train Epoch: 52 [40960/60000 (67%)]	Loss: 0.009659
2024-10-30 21:33:22.865 | INFO     | src.util.trainer:train:28 - ====> Epoch: 52 Average loss: 0.0138
2024-10-30 21:33:23.024 | INFO     | src.util.trainer:train:24 - Train Epoch: 53 [0/60000 (0%)]	Loss: 0.011402
2024-10-30 21:33:24.593 | INFO     | src.util.trainer:train:24 - Train Epoch: 53 [20480/60000 (33%)]	Loss: 0.010555
2024-10-30 21:33:26.221 | INFO     | src.util.trainer:train:24 - Train Epoch: 53 [40960/60000 (67%)]	Loss: 0.013930
2024-10-30 21:33:27.536 | INFO     | src.util.trainer:train:28 - ====> Epoch: 53 Average loss: 0.0131
2024-10-30 21:33:27.696 | INFO     | src.util.trainer:train:24 - Train Epoch: 54 [0/60000 (0%)]	Loss: 0.012357
2024-10-30 21:33:29.266 | INFO     | src.util.trainer:train:24 - Train Epoch: 54 [20480/60000 (33%)]	Loss: 0.007880
2024-10-30 21:33:30.839 | INFO     | src.util.trainer:train:24 - Train Epoch: 54 [40960/60000 (67%)]	Loss: 0.013746
2024-10-30 21:33:32.218 | INFO     | src.util.trainer:train:28 - ====> Epoch: 54 Average loss: 0.0128
2024-10-30 21:33:32.379 | INFO     | src.util.trainer:train:24 - Train Epoch: 55 [0/60000 (0%)]	Loss: 0.010701
2024-10-30 21:33:33.946 | INFO     | src.util.trainer:train:24 - Train Epoch: 55 [20480/60000 (33%)]	Loss: 0.008873
2024-10-30 21:33:35.520 | INFO     | src.util.trainer:train:24 - Train Epoch: 55 [40960/60000 (67%)]	Loss: 0.015577
2024-10-30 21:33:36.837 | INFO     | src.util.trainer:train:28 - ====> Epoch: 55 Average loss: 0.0121
2024-10-30 21:33:37.002 | INFO     | src.util.trainer:train:24 - Train Epoch: 56 [0/60000 (0%)]	Loss: 0.012516
2024-10-30 21:33:39.051 | INFO     | src.util.trainer:train:24 - Train Epoch: 56 [20480/60000 (33%)]	Loss: 0.012588
2024-10-30 21:33:40.833 | INFO     | src.util.trainer:train:24 - Train Epoch: 56 [40960/60000 (67%)]	Loss: 0.010044
2024-10-30 21:33:42.291 | INFO     | src.util.trainer:train:28 - ====> Epoch: 56 Average loss: 0.0115
2024-10-30 21:33:42.451 | INFO     | src.util.trainer:train:24 - Train Epoch: 57 [0/60000 (0%)]	Loss: 0.008325
2024-10-30 21:33:43.997 | INFO     | src.util.trainer:train:24 - Train Epoch: 57 [20480/60000 (33%)]	Loss: 0.011123
2024-10-30 21:33:45.629 | INFO     | src.util.trainer:train:24 - Train Epoch: 57 [40960/60000 (67%)]	Loss: 0.009358
2024-10-30 21:33:46.965 | INFO     | src.util.trainer:train:28 - ====> Epoch: 57 Average loss: 0.0107
2024-10-30 21:33:47.128 | INFO     | src.util.trainer:train:24 - Train Epoch: 58 [0/60000 (0%)]	Loss: 0.011205
2024-10-30 21:33:48.828 | INFO     | src.util.trainer:train:24 - Train Epoch: 58 [20480/60000 (33%)]	Loss: 0.012091
2024-10-30 21:33:50.376 | INFO     | src.util.trainer:train:24 - Train Epoch: 58 [40960/60000 (67%)]	Loss: 0.012345
2024-10-30 21:33:51.773 | INFO     | src.util.trainer:train:28 - ====> Epoch: 58 Average loss: 0.0105
2024-10-30 21:33:51.930 | INFO     | src.util.trainer:train:24 - Train Epoch: 59 [0/60000 (0%)]	Loss: 0.008294
2024-10-30 21:33:53.516 | INFO     | src.util.trainer:train:24 - Train Epoch: 59 [20480/60000 (33%)]	Loss: 0.010532
2024-10-30 21:33:55.110 | INFO     | src.util.trainer:train:24 - Train Epoch: 59 [40960/60000 (67%)]	Loss: 0.007312
2024-10-30 21:33:56.419 | INFO     | src.util.trainer:train:28 - ====> Epoch: 59 Average loss: 0.0097
2024-10-30 21:33:56.578 | INFO     | src.util.trainer:train:24 - Train Epoch: 60 [0/60000 (0%)]	Loss: 0.005088
2024-10-30 21:33:58.231 | INFO     | src.util.trainer:train:24 - Train Epoch: 60 [20480/60000 (33%)]	Loss: 0.011327
2024-10-30 21:33:59.804 | INFO     | src.util.trainer:train:24 - Train Epoch: 60 [40960/60000 (67%)]	Loss: 0.008436
2024-10-30 21:34:01.108 | INFO     | src.util.trainer:train:28 - ====> Epoch: 60 Average loss: 0.0096
2024-10-30 21:34:01.276 | INFO     | src.util.trainer:train:24 - Train Epoch: 61 [0/60000 (0%)]	Loss: 0.009945
2024-10-30 21:34:02.848 | INFO     | src.util.trainer:train:24 - Train Epoch: 61 [20480/60000 (33%)]	Loss: 0.014146
2024-10-30 21:34:04.509 | INFO     | src.util.trainer:train:24 - Train Epoch: 61 [40960/60000 (67%)]	Loss: 0.007636
2024-10-30 21:34:05.822 | INFO     | src.util.trainer:train:28 - ====> Epoch: 61 Average loss: 0.0092
2024-10-30 21:34:05.988 | INFO     | src.util.trainer:train:24 - Train Epoch: 62 [0/60000 (0%)]	Loss: 0.007010
2024-10-30 21:34:07.564 | INFO     | src.util.trainer:train:24 - Train Epoch: 62 [20480/60000 (33%)]	Loss: 0.006895
2024-10-30 21:34:09.149 | INFO     | src.util.trainer:train:24 - Train Epoch: 62 [40960/60000 (67%)]	Loss: 0.011826
2024-10-30 21:34:10.541 | INFO     | src.util.trainer:train:28 - ====> Epoch: 62 Average loss: 0.0084
2024-10-30 21:34:10.704 | INFO     | src.util.trainer:train:24 - Train Epoch: 63 [0/60000 (0%)]	Loss: 0.007083
2024-10-30 21:34:12.291 | INFO     | src.util.trainer:train:24 - Train Epoch: 63 [20480/60000 (33%)]	Loss: 0.013355
2024-10-30 21:34:13.852 | INFO     | src.util.trainer:train:24 - Train Epoch: 63 [40960/60000 (67%)]	Loss: 0.011551
2024-10-30 21:34:15.156 | INFO     | src.util.trainer:train:28 - ====> Epoch: 63 Average loss: 0.0078
2024-10-30 21:34:15.316 | INFO     | src.util.trainer:train:24 - Train Epoch: 64 [0/60000 (0%)]	Loss: 0.006776
2024-10-30 21:34:16.972 | INFO     | src.util.trainer:train:24 - Train Epoch: 64 [20480/60000 (33%)]	Loss: 0.008136
2024-10-30 21:34:18.544 | INFO     | src.util.trainer:train:24 - Train Epoch: 64 [40960/60000 (67%)]	Loss: 0.007699
2024-10-30 21:34:19.859 | INFO     | src.util.trainer:train:28 - ====> Epoch: 64 Average loss: 0.0075
2024-10-30 21:34:20.018 | INFO     | src.util.trainer:train:24 - Train Epoch: 65 [0/60000 (0%)]	Loss: 0.007005
2024-10-30 21:34:21.578 | INFO     | src.util.trainer:train:24 - Train Epoch: 65 [20480/60000 (33%)]	Loss: 0.004129
2024-10-30 21:34:23.189 | INFO     | src.util.trainer:train:24 - Train Epoch: 65 [40960/60000 (67%)]	Loss: 0.008252
2024-10-30 21:34:24.476 | INFO     | src.util.trainer:train:28 - ====> Epoch: 65 Average loss: 0.0072
2024-10-30 21:34:24.632 | INFO     | src.util.trainer:train:24 - Train Epoch: 66 [0/60000 (0%)]	Loss: 0.007462
2024-10-30 21:34:26.194 | INFO     | src.util.trainer:train:24 - Train Epoch: 66 [20480/60000 (33%)]	Loss: 0.009720
2024-10-30 21:34:27.746 | INFO     | src.util.trainer:train:24 - Train Epoch: 66 [40960/60000 (67%)]	Loss: 0.009881
2024-10-30 21:34:29.126 | INFO     | src.util.trainer:train:28 - ====> Epoch: 66 Average loss: 0.0070
2024-10-30 21:34:29.286 | INFO     | src.util.trainer:train:24 - Train Epoch: 67 [0/60000 (0%)]	Loss: 0.006301
2024-10-30 21:34:30.859 | INFO     | src.util.trainer:train:24 - Train Epoch: 67 [20480/60000 (33%)]	Loss: 0.006418
2024-10-30 21:34:32.420 | INFO     | src.util.trainer:train:24 - Train Epoch: 67 [40960/60000 (67%)]	Loss: 0.005244
2024-10-30 21:34:33.707 | INFO     | src.util.trainer:train:28 - ====> Epoch: 67 Average loss: 0.0063
2024-10-30 21:34:33.869 | INFO     | src.util.trainer:train:24 - Train Epoch: 68 [0/60000 (0%)]	Loss: 0.007051
2024-10-30 21:34:35.505 | INFO     | src.util.trainer:train:24 - Train Epoch: 68 [20480/60000 (33%)]	Loss: 0.005704
2024-10-30 21:34:37.052 | INFO     | src.util.trainer:train:24 - Train Epoch: 68 [40960/60000 (67%)]	Loss: 0.010044
2024-10-30 21:34:38.361 | INFO     | src.util.trainer:train:28 - ====> Epoch: 68 Average loss: 0.0060
2024-10-30 21:34:38.526 | INFO     | src.util.trainer:train:24 - Train Epoch: 69 [0/60000 (0%)]	Loss: 0.004453
2024-10-30 21:34:40.080 | INFO     | src.util.trainer:train:24 - Train Epoch: 69 [20480/60000 (33%)]	Loss: 0.005902
2024-10-30 21:34:41.684 | INFO     | src.util.trainer:train:24 - Train Epoch: 69 [40960/60000 (67%)]	Loss: 0.005347
2024-10-30 21:34:42.968 | INFO     | src.util.trainer:train:28 - ====> Epoch: 69 Average loss: 0.0058
2024-10-30 21:34:43.122 | INFO     | src.util.trainer:train:24 - Train Epoch: 70 [0/60000 (0%)]	Loss: 0.004449
2024-10-30 21:34:44.665 | INFO     | src.util.trainer:train:24 - Train Epoch: 70 [20480/60000 (33%)]	Loss: 0.005782
2024-10-30 21:34:46.248 | INFO     | src.util.trainer:train:24 - Train Epoch: 70 [40960/60000 (67%)]	Loss: 0.006818
2024-10-30 21:34:47.733 | INFO     | src.util.trainer:train:28 - ====> Epoch: 70 Average loss: 0.0055
2024-10-30 21:34:47.899 | INFO     | src.util.trainer:train:24 - Train Epoch: 71 [0/60000 (0%)]	Loss: 0.005454
2024-10-30 21:34:49.531 | INFO     | src.util.trainer:train:24 - Train Epoch: 71 [20480/60000 (33%)]	Loss: 0.005091
2024-10-30 21:34:51.088 | INFO     | src.util.trainer:train:24 - Train Epoch: 71 [40960/60000 (67%)]	Loss: 0.006351
2024-10-30 21:34:52.373 | INFO     | src.util.trainer:train:28 - ====> Epoch: 71 Average loss: 0.0050
2024-10-30 21:34:52.534 | INFO     | src.util.trainer:train:24 - Train Epoch: 72 [0/60000 (0%)]	Loss: 0.004025
2024-10-30 21:34:54.189 | INFO     | src.util.trainer:train:24 - Train Epoch: 72 [20480/60000 (33%)]	Loss: 0.004523
2024-10-30 21:34:55.737 | INFO     | src.util.trainer:train:24 - Train Epoch: 72 [40960/60000 (67%)]	Loss: 0.004649
2024-10-30 21:34:57.026 | INFO     | src.util.trainer:train:28 - ====> Epoch: 72 Average loss: 0.0049
2024-10-30 21:34:57.187 | INFO     | src.util.trainer:train:24 - Train Epoch: 73 [0/60000 (0%)]	Loss: 0.004035
2024-10-30 21:34:58.760 | INFO     | src.util.trainer:train:24 - Train Epoch: 73 [20480/60000 (33%)]	Loss: 0.004799
2024-10-30 21:35:00.392 | INFO     | src.util.trainer:train:24 - Train Epoch: 73 [40960/60000 (67%)]	Loss: 0.004340
2024-10-30 21:35:01.701 | INFO     | src.util.trainer:train:28 - ====> Epoch: 73 Average loss: 0.0047
2024-10-30 21:35:01.860 | INFO     | src.util.trainer:train:24 - Train Epoch: 74 [0/60000 (0%)]	Loss: 0.002935
2024-10-30 21:35:03.458 | INFO     | src.util.trainer:train:24 - Train Epoch: 74 [20480/60000 (33%)]	Loss: 0.003359
2024-10-30 21:35:05.064 | INFO     | src.util.trainer:train:24 - Train Epoch: 74 [40960/60000 (67%)]	Loss: 0.004416
2024-10-30 21:35:06.459 | INFO     | src.util.trainer:train:28 - ====> Epoch: 74 Average loss: 0.0045
2024-10-30 21:35:06.620 | INFO     | src.util.trainer:train:24 - Train Epoch: 75 [0/60000 (0%)]	Loss: 0.005429
2024-10-30 21:35:08.204 | INFO     | src.util.trainer:train:24 - Train Epoch: 75 [20480/60000 (33%)]	Loss: 0.004420
2024-10-30 21:35:09.767 | INFO     | src.util.trainer:train:24 - Train Epoch: 75 [40960/60000 (67%)]	Loss: 0.006176
2024-10-30 21:35:11.066 | INFO     | src.util.trainer:train:28 - ====> Epoch: 75 Average loss: 0.0041
2024-10-30 21:35:11.224 | INFO     | src.util.trainer:train:24 - Train Epoch: 76 [0/60000 (0%)]	Loss: 0.003378
2024-10-30 21:35:12.890 | INFO     | src.util.trainer:train:24 - Train Epoch: 76 [20480/60000 (33%)]	Loss: 0.003793
2024-10-30 21:35:14.474 | INFO     | src.util.trainer:train:24 - Train Epoch: 76 [40960/60000 (67%)]	Loss: 0.003073
2024-10-30 21:35:15.798 | INFO     | src.util.trainer:train:28 - ====> Epoch: 76 Average loss: 0.0039
2024-10-30 21:35:15.957 | INFO     | src.util.trainer:train:24 - Train Epoch: 77 [0/60000 (0%)]	Loss: 0.002266
2024-10-30 21:35:17.531 | INFO     | src.util.trainer:train:24 - Train Epoch: 77 [20480/60000 (33%)]	Loss: 0.003126
2024-10-30 21:35:19.183 | INFO     | src.util.trainer:train:24 - Train Epoch: 77 [40960/60000 (67%)]	Loss: 0.003665
2024-10-30 21:35:20.474 | INFO     | src.util.trainer:train:28 - ====> Epoch: 77 Average loss: 0.0037
2024-10-30 21:35:20.634 | INFO     | src.util.trainer:train:24 - Train Epoch: 78 [0/60000 (0%)]	Loss: 0.002500
2024-10-30 21:35:22.195 | INFO     | src.util.trainer:train:24 - Train Epoch: 78 [20480/60000 (33%)]	Loss: 0.003023
2024-10-30 21:35:23.762 | INFO     | src.util.trainer:train:24 - Train Epoch: 78 [40960/60000 (67%)]	Loss: 0.003873
2024-10-30 21:35:25.127 | INFO     | src.util.trainer:train:28 - ====> Epoch: 78 Average loss: 0.0036
2024-10-30 21:35:25.286 | INFO     | src.util.trainer:train:24 - Train Epoch: 79 [0/60000 (0%)]	Loss: 0.003809
2024-10-30 21:35:26.857 | INFO     | src.util.trainer:train:24 - Train Epoch: 79 [20480/60000 (33%)]	Loss: 0.002995
2024-10-30 21:35:28.457 | INFO     | src.util.trainer:train:24 - Train Epoch: 79 [40960/60000 (67%)]	Loss: 0.003630
2024-10-30 21:35:29.770 | INFO     | src.util.trainer:train:28 - ====> Epoch: 79 Average loss: 0.0036
2024-10-30 21:35:29.929 | INFO     | src.util.trainer:train:24 - Train Epoch: 80 [0/60000 (0%)]	Loss: 0.003906
2024-10-30 21:35:31.636 | INFO     | src.util.trainer:train:24 - Train Epoch: 80 [20480/60000 (33%)]	Loss: 0.003063
2024-10-30 21:35:33.204 | INFO     | src.util.trainer:train:24 - Train Epoch: 80 [40960/60000 (67%)]	Loss: 0.002869
2024-10-30 21:35:34.504 | INFO     | src.util.trainer:train:28 - ====> Epoch: 80 Average loss: 0.0032
2024-10-30 21:35:34.661 | INFO     | src.util.trainer:train:24 - Train Epoch: 81 [0/60000 (0%)]	Loss: 0.002981
2024-10-30 21:35:36.227 | INFO     | src.util.trainer:train:24 - Train Epoch: 81 [20480/60000 (33%)]	Loss: 0.003095
2024-10-30 21:35:37.871 | INFO     | src.util.trainer:train:24 - Train Epoch: 81 [40960/60000 (67%)]	Loss: 0.003404
2024-10-30 21:35:39.176 | INFO     | src.util.trainer:train:28 - ====> Epoch: 81 Average loss: 0.0032
2024-10-30 21:35:39.334 | INFO     | src.util.trainer:train:24 - Train Epoch: 82 [0/60000 (0%)]	Loss: 0.003733
2024-10-30 21:35:40.881 | INFO     | src.util.trainer:train:24 - Train Epoch: 82 [20480/60000 (33%)]	Loss: 0.004264
2024-10-30 21:35:42.445 | INFO     | src.util.trainer:train:24 - Train Epoch: 82 [40960/60000 (67%)]	Loss: 0.002747
2024-10-30 21:35:43.806 | INFO     | src.util.trainer:train:28 - ====> Epoch: 82 Average loss: 0.0029
2024-10-30 21:35:43.963 | INFO     | src.util.trainer:train:24 - Train Epoch: 83 [0/60000 (0%)]	Loss: 0.003765
2024-10-30 21:35:45.513 | INFO     | src.util.trainer:train:24 - Train Epoch: 83 [20480/60000 (33%)]	Loss: 0.002478
2024-10-30 21:35:47.101 | INFO     | src.util.trainer:train:24 - Train Epoch: 83 [40960/60000 (67%)]	Loss: 0.002434
2024-10-30 21:35:48.454 | INFO     | src.util.trainer:train:28 - ====> Epoch: 83 Average loss: 0.0027
2024-10-30 21:35:48.621 | INFO     | src.util.trainer:train:24 - Train Epoch: 84 [0/60000 (0%)]	Loss: 0.001996
2024-10-30 21:35:50.263 | INFO     | src.util.trainer:train:24 - Train Epoch: 84 [20480/60000 (33%)]	Loss: 0.002547
2024-10-30 21:35:51.818 | INFO     | src.util.trainer:train:24 - Train Epoch: 84 [40960/60000 (67%)]	Loss: 0.003142
2024-10-30 21:35:53.121 | INFO     | src.util.trainer:train:28 - ====> Epoch: 84 Average loss: 0.0026
2024-10-30 21:35:53.281 | INFO     | src.util.trainer:train:24 - Train Epoch: 85 [0/60000 (0%)]	Loss: 0.002619
2024-10-30 21:35:54.850 | INFO     | src.util.trainer:train:24 - Train Epoch: 85 [20480/60000 (33%)]	Loss: 0.002472
2024-10-30 21:35:56.492 | INFO     | src.util.trainer:train:24 - Train Epoch: 85 [40960/60000 (67%)]	Loss: 0.001808
2024-10-30 21:35:57.789 | INFO     | src.util.trainer:train:28 - ====> Epoch: 85 Average loss: 0.0026
2024-10-30 21:35:57.950 | INFO     | src.util.trainer:train:24 - Train Epoch: 86 [0/60000 (0%)]	Loss: 0.001848
2024-10-30 21:35:59.520 | INFO     | src.util.trainer:train:24 - Train Epoch: 86 [20480/60000 (33%)]	Loss: 0.002698
2024-10-30 21:36:01.065 | INFO     | src.util.trainer:train:24 - Train Epoch: 86 [40960/60000 (67%)]	Loss: 0.002962
2024-10-30 21:36:02.423 | INFO     | src.util.trainer:train:28 - ====> Epoch: 86 Average loss: 0.0024
2024-10-30 21:36:02.586 | INFO     | src.util.trainer:train:24 - Train Epoch: 87 [0/60000 (0%)]	Loss: 0.002551
2024-10-30 21:36:04.135 | INFO     | src.util.trainer:train:24 - Train Epoch: 87 [20480/60000 (33%)]	Loss: 0.002828
2024-10-30 21:36:05.684 | INFO     | src.util.trainer:train:24 - Train Epoch: 87 [40960/60000 (67%)]	Loss: 0.001722
2024-10-30 21:36:06.988 | INFO     | src.util.trainer:train:28 - ====> Epoch: 87 Average loss: 0.0022
2024-10-30 21:36:07.147 | INFO     | src.util.trainer:train:24 - Train Epoch: 88 [0/60000 (0%)]	Loss: 0.001810
2024-10-30 21:36:08.890 | INFO     | src.util.trainer:train:24 - Train Epoch: 88 [20480/60000 (33%)]	Loss: 0.001394
2024-10-30 21:36:10.458 | INFO     | src.util.trainer:train:24 - Train Epoch: 88 [40960/60000 (67%)]	Loss: 0.002274
2024-10-30 21:36:11.763 | INFO     | src.util.trainer:train:28 - ====> Epoch: 88 Average loss: 0.0022
2024-10-30 21:36:11.922 | INFO     | src.util.trainer:train:24 - Train Epoch: 89 [0/60000 (0%)]	Loss: 0.001995
2024-10-30 21:36:13.487 | INFO     | src.util.trainer:train:24 - Train Epoch: 89 [20480/60000 (33%)]	Loss: 0.001672
2024-10-30 21:36:15.122 | INFO     | src.util.trainer:train:24 - Train Epoch: 89 [40960/60000 (67%)]	Loss: 0.002461
2024-10-30 21:36:16.429 | INFO     | src.util.trainer:train:28 - ====> Epoch: 89 Average loss: 0.0022
2024-10-30 21:36:16.588 | INFO     | src.util.trainer:train:24 - Train Epoch: 90 [0/60000 (0%)]	Loss: 0.001979
2024-10-30 21:36:18.174 | INFO     | src.util.trainer:train:24 - Train Epoch: 90 [20480/60000 (33%)]	Loss: 0.001847
2024-10-30 21:36:19.758 | INFO     | src.util.trainer:train:24 - Train Epoch: 90 [40960/60000 (67%)]	Loss: 0.001955
2024-10-30 21:36:21.129 | INFO     | src.util.trainer:train:28 - ====> Epoch: 90 Average loss: 0.0020
2024-10-30 21:36:21.288 | INFO     | src.util.trainer:train:24 - Train Epoch: 91 [0/60000 (0%)]	Loss: 0.002005
2024-10-30 21:36:22.840 | INFO     | src.util.trainer:train:24 - Train Epoch: 91 [20480/60000 (33%)]	Loss: 0.001594
2024-10-30 21:36:24.406 | INFO     | src.util.trainer:train:24 - Train Epoch: 91 [40960/60000 (67%)]	Loss: 0.001685
2024-10-30 21:36:25.708 | INFO     | src.util.trainer:train:28 - ====> Epoch: 91 Average loss: 0.0019
2024-10-30 21:36:25.869 | INFO     | src.util.trainer:train:24 - Train Epoch: 92 [0/60000 (0%)]	Loss: 0.001886
2024-10-30 21:36:27.493 | INFO     | src.util.trainer:train:24 - Train Epoch: 92 [20480/60000 (33%)]	Loss: 0.001479
2024-10-30 21:36:29.083 | INFO     | src.util.trainer:train:24 - Train Epoch: 92 [40960/60000 (67%)]	Loss: 0.001650
2024-10-30 21:36:30.395 | INFO     | src.util.trainer:train:28 - ====> Epoch: 92 Average loss: 0.0017
2024-10-30 21:36:30.555 | INFO     | src.util.trainer:train:24 - Train Epoch: 93 [0/60000 (0%)]	Loss: 0.001644
2024-10-30 21:36:32.109 | INFO     | src.util.trainer:train:24 - Train Epoch: 93 [20480/60000 (33%)]	Loss: 0.001625
2024-10-30 21:36:33.754 | INFO     | src.util.trainer:train:24 - Train Epoch: 93 [40960/60000 (67%)]	Loss: 0.001132
2024-10-30 21:36:35.056 | INFO     | src.util.trainer:train:28 - ====> Epoch: 93 Average loss: 0.0017
2024-10-30 21:36:35.219 | INFO     | src.util.trainer:train:24 - Train Epoch: 94 [0/60000 (0%)]	Loss: 0.001526
2024-10-30 21:36:36.778 | INFO     | src.util.trainer:train:24 - Train Epoch: 94 [20480/60000 (33%)]	Loss: 0.001452
2024-10-30 21:36:38.356 | INFO     | src.util.trainer:train:24 - Train Epoch: 94 [40960/60000 (67%)]	Loss: 0.001394
2024-10-30 21:36:39.746 | INFO     | src.util.trainer:train:28 - ====> Epoch: 94 Average loss: 0.0016
2024-10-30 21:36:39.904 | INFO     | src.util.trainer:train:24 - Train Epoch: 95 [0/60000 (0%)]	Loss: 0.001494
2024-10-30 21:36:41.449 | INFO     | src.util.trainer:train:24 - Train Epoch: 95 [20480/60000 (33%)]	Loss: 0.001729
2024-10-30 21:36:43.021 | INFO     | src.util.trainer:train:24 - Train Epoch: 95 [40960/60000 (67%)]	Loss: 0.001916
2024-10-30 21:36:44.330 | INFO     | src.util.trainer:train:28 - ====> Epoch: 95 Average loss: 0.0016
2024-10-30 21:36:44.489 | INFO     | src.util.trainer:train:24 - Train Epoch: 96 [0/60000 (0%)]	Loss: 0.001491
2024-10-30 21:36:46.117 | INFO     | src.util.trainer:train:24 - Train Epoch: 96 [20480/60000 (33%)]	Loss: 0.001263
2024-10-30 21:36:47.682 | INFO     | src.util.trainer:train:24 - Train Epoch: 96 [40960/60000 (67%)]	Loss: 0.001751
2024-10-30 21:36:48.994 | INFO     | src.util.trainer:train:28 - ====> Epoch: 96 Average loss: 0.0015
2024-10-30 21:36:49.154 | INFO     | src.util.trainer:train:24 - Train Epoch: 97 [0/60000 (0%)]	Loss: 0.001462
2024-10-30 21:36:50.711 | INFO     | src.util.trainer:train:24 - Train Epoch: 97 [20480/60000 (33%)]	Loss: 0.001331
2024-10-30 21:36:52.348 | INFO     | src.util.trainer:train:24 - Train Epoch: 97 [40960/60000 (67%)]	Loss: 0.000924
2024-10-30 21:36:53.669 | INFO     | src.util.trainer:train:28 - ====> Epoch: 97 Average loss: 0.0014
2024-10-30 21:36:53.829 | INFO     | src.util.trainer:train:24 - Train Epoch: 98 [0/60000 (0%)]	Loss: 0.001277
2024-10-30 21:36:55.390 | INFO     | src.util.trainer:train:24 - Train Epoch: 98 [20480/60000 (33%)]	Loss: 0.001402
2024-10-30 21:36:56.952 | INFO     | src.util.trainer:train:24 - Train Epoch: 98 [40960/60000 (67%)]	Loss: 0.001515
2024-10-30 21:36:58.346 | INFO     | src.util.trainer:train:28 - ====> Epoch: 98 Average loss: 0.0013
2024-10-30 21:36:58.517 | INFO     | src.util.trainer:train:24 - Train Epoch: 99 [0/60000 (0%)]	Loss: 0.001002
2024-10-30 21:37:00.064 | INFO     | src.util.trainer:train:24 - Train Epoch: 99 [20480/60000 (33%)]	Loss: 0.001356
2024-10-30 21:37:01.604 | INFO     | src.util.trainer:train:24 - Train Epoch: 99 [40960/60000 (67%)]	Loss: 0.001234
2024-10-30 21:37:02.893 | INFO     | src.util.trainer:train:28 - ====> Epoch: 99 Average loss: 0.0013
2024-10-30 21:37:02.893 | INFO     | src.util.trainer:test:31 - -- start testing --
2024-10-30 21:37:03.660 | INFO     | src.util.trainer:test:60 - ====> Test set: Average loss: 0.1070, Accuracy: 9779/10000 (97.79%) @ -1bit quantization
2024-10-30 21:37:03.663 | INFO     | __main__:main:62 - Model parameters saved!
2024-10-30 21:37:03.666 | INFO     | __main__:<module>:102 - Total time: 474.94 seconds
